This is e-upTeX, Version 3.14159265-p3.8.1-u1.23-180226-2.6 (utf8.uptex) (TeX Live 2018) (preloaded format=uplatex 2019.1.6)  6 JAN 2019 12:39
entering extended mode
 restricted \write18 enabled.
 file:line:error style messages enabled.
 %&-line parsing enabled.
**01_intro.tex
(./01_intro.tex
pLaTeX2e <2018-12-01u02> (based on LaTeX2e <2018-12-01>)
./01_intro.tex:1: Undefined control sequence.
l.1 \chapter
            {序論}
The control sequence at the end of the top line
of your error message was never \def'ed. If you have
misspelled it (e.g., `\hobx'), type `I' and the correct
spelling (e.g., `I\hbox'). Otherwise just continue,
and I'll forget about whatever was undefined.


./01_intro.tex:1: LaTeX Error: Missing \begin{document}.

See the LaTeX manual or LaTeX Companion for explanation.
Type  H <return>  for immediate help.
 ...                                              
                                                  
l.1 \chapter{序
                論}
You're in trouble here.  Try typing  <return>  to proceed.
If that doesn't work, type  X <return>  to quit.


Overfull \hbox (29.6222pt too wide) in paragraph at lines 1--4
[]\JY2/mc/m/n/10 序
 []


Overfull \hbox (9.6222pt too wide) in paragraph at lines 1--4
\JY2/mc/m/n/10 論
 []


Overfull \hbox (9.6222pt too wide) in paragraph at lines 1--4
\JY2/mc/m/n/10 イ
 []


Overfull \hbox (9.6222pt too wide) in paragraph at lines 1--4
\JY2/mc/m/n/10 ン
 []


Overfull \hbox (18.74438pt too wide) in paragraph at lines 1--4
\JY2/mc/m/n/10 タ ー
 []


Overfull \hbox (9.6222pt too wide) in paragraph at lines 1--4
\JY2/mc/m/n/10 ネ
 []


Overfull \hbox (9.6222pt too wide) in paragraph at lines 1--4
\JY2/mc/m/n/10 ッ
 []


Overfull \hbox (9.6222pt too wide) in paragraph at lines 1--4
\JY2/mc/m/n/10 ト
 []


Overfull \hbox (9.6222pt too wide) in paragraph at lines 1--4
\JY2/mc/m/n/10 を
 []


Overfull \hbox (9.6222pt too wide) in paragraph at lines 1--4
\JY2/mc/m/n/10 代
 []


Overfull \hbox (9.6222pt too wide) in paragraph at lines 1--4
\JY2/mc/m/n/10 表
 []


Overfull \hbox (9.6222pt too wide) in paragraph at lines 1--4
\JY2/mc/m/n/10 と
 []


Overfull \hbox (9.6222pt too wide) in paragraph at lines 1--4
\JY2/mc/m/n/10 す
 []


Overfull \hbox (9.6222pt too wide) in paragraph at lines 1--4
\JY2/mc/m/n/10 る
 []


Overfull \hbox (9.6222pt too wide) in paragraph at lines 1--4
\JY2/mc/m/n/10 コ
 []


Overfull \hbox (9.6222pt too wide) in paragraph at lines 1--4
\JY2/mc/m/n/10 ン
 []


Overfull \hbox (9.6222pt too wide) in paragraph at lines 1--4
\JY2/mc/m/n/10 ピ
 []


Overfull \hbox (18.74438pt too wide) in paragraph at lines 1--4
\JY2/mc/m/n/10 ュ ー
 []


Overfull \hbox (9.6222pt too wide) in paragraph at lines 1--4
\JY2/mc/m/n/10 タ
 []


Overfull \hbox (9.6222pt too wide) in paragraph at lines 1--4
\JY2/mc/m/n/10 ネ
 []


Overfull \hbox (9.6222pt too wide) in paragraph at lines 1--4
\JY2/mc/m/n/10 ッ
 []


Overfull \hbox (9.6222pt too wide) in paragraph at lines 1--4
\JY2/mc/m/n/10 ト
 []


Overfull \hbox (18.74438pt too wide) in paragraph at lines 1--4
\JY2/mc/m/n/10 ワ ー
 []


Overfull \hbox (9.6222pt too wide) in paragraph at lines 1--4
\JY2/mc/m/n/10 ク
 []


Overfull \hbox (9.6222pt too wide) in paragraph at lines 1--4
\JY2/mc/m/n/10 等
 []


Overfull \hbox (9.6222pt too wide) in paragraph at lines 1--4
\JY2/mc/m/n/10 の
 []


Overfull \hbox (9.6222pt too wide) in paragraph at lines 1--4
\JY2/mc/m/n/10 情
 []


Overfull \hbox (9.6222pt too wide) in paragraph at lines 1--4
\JY2/mc/m/n/10 報
 []


Overfull \hbox (9.6222pt too wide) in paragraph at lines 1--4
\JY2/mc/m/n/10 通
 []


Overfull \hbox (9.6222pt too wide) in paragraph at lines 1--4
\JY2/mc/m/n/10 信
 []


Overfull \hbox (9.6222pt too wide) in paragraph at lines 1--4
\JY2/mc/m/n/10 技
 []


Overfull \hbox (9.6222pt too wide) in paragraph at lines 1--4
\JY2/mc/m/n/10 術
 []


Overfull \hbox (9.6222pt too wide) in paragraph at lines 1--4
\JY2/mc/m/n/10 の
 []


Overfull \hbox (9.6222pt too wide) in paragraph at lines 1--4
\JY2/mc/m/n/10 発
 []


Overfull \hbox (9.6222pt too wide) in paragraph at lines 1--4
\JY2/mc/m/n/10 展
 []


Overfull \hbox (9.6222pt too wide) in paragraph at lines 1--4
\JY2/mc/m/n/10 に
 []


Overfull \hbox (9.6222pt too wide) in paragraph at lines 1--4
\JY2/mc/m/n/10 よ
 []


Overfull \hbox (12.39998pt too wide) in paragraph at lines 1--4
\JY2/mc/m/n/10 り\OT1/cmr/m/n/10 ,
 []


Overfull \hbox (9.6222pt too wide) in paragraph at lines 1--4
\JY2/mc/m/n/10 イ
 []


Overfull \hbox (9.6222pt too wide) in paragraph at lines 1--4
\JY2/mc/m/n/10 ン
 []


Overfull \hbox (18.74438pt too wide) in paragraph at lines 1--4
\JY2/mc/m/n/10 タ ー
 []


Overfull \hbox (9.6222pt too wide) in paragraph at lines 1--4
\JY2/mc/m/n/10 ネ
 []


Overfull \hbox (9.6222pt too wide) in paragraph at lines 1--4
\JY2/mc/m/n/10 ッ
 []


Overfull \hbox (9.6222pt too wide) in paragraph at lines 1--4
\JY2/mc/m/n/10 ト
 []


Overfull \hbox (9.6222pt too wide) in paragraph at lines 1--4
\JY2/mc/m/n/10 は
 []


Overfull \hbox (18.74438pt too wide) in paragraph at lines 1--4
\JY2/mc/m/n/10 我 々
 []


Overfull \hbox (9.6222pt too wide) in paragraph at lines 1--4
\JY2/mc/m/n/10 の
 []


Overfull \hbox (9.6222pt too wide) in paragraph at lines 1--4
\JY2/mc/m/n/10 生
 []


Overfull \hbox (9.6222pt too wide) in paragraph at lines 1--4
\JY2/mc/m/n/10 活
 []


Overfull \hbox (9.6222pt too wide) in paragraph at lines 1--4
\JY2/mc/m/n/10 に
 []


Overfull \hbox (9.6222pt too wide) in paragraph at lines 1--4
\JY2/mc/m/n/10 と
 []


Overfull \hbox (9.6222pt too wide) in paragraph at lines 1--4
\JY2/mc/m/n/10 っ
 []


Overfull \hbox (9.6222pt too wide) in paragraph at lines 1--4
\JY2/mc/m/n/10 て
 []


Overfull \hbox (9.6222pt too wide) in paragraph at lines 1--4
\JY2/mc/m/n/10 無
 []


Overfull \hbox (9.6222pt too wide) in paragraph at lines 1--4
\JY2/mc/m/n/10 く
 []


Overfull \hbox (9.6222pt too wide) in paragraph at lines 1--4
\JY2/mc/m/n/10 て
 []


Overfull \hbox (9.6222pt too wide) in paragraph at lines 1--4
\JY2/mc/m/n/10 は
 []


Overfull \hbox (9.6222pt too wide) in paragraph at lines 1--4
\JY2/mc/m/n/10 な
 []


Overfull \hbox (9.6222pt too wide) in paragraph at lines 1--4
\JY2/mc/m/n/10 ら
 []


Overfull \hbox (9.6222pt too wide) in paragraph at lines 1--4
\JY2/mc/m/n/10 な
 []


Overfull \hbox (9.6222pt too wide) in paragraph at lines 1--4
\JY2/mc/m/n/10 い
 []


Overfull \hbox (9.6222pt too wide) in paragraph at lines 1--4
\JY2/mc/m/n/10 技
 []


Overfull \hbox (9.6222pt too wide) in paragraph at lines 1--4
\JY2/mc/m/n/10 術
 []


Overfull \hbox (9.6222pt too wide) in paragraph at lines 1--4
\JY2/mc/m/n/10 と
 []


Overfull \hbox (9.6222pt too wide) in paragraph at lines 1--4
\JY2/mc/m/n/10 な
 []


Overfull \hbox (9.6222pt too wide) in paragraph at lines 1--4
\JY2/mc/m/n/10 っ
 []


Overfull \hbox (12.39998pt too wide) in paragraph at lines 1--4
\JY2/mc/m/n/10 た\OT1/cmr/m/n/10 .
 []


Overfull \hbox (9.6222pt too wide) in paragraph at lines 1--4
\JY2/mc/m/n/10 そ
 []


Overfull \hbox (9.6222pt too wide) in paragraph at lines 1--4
\JY2/mc/m/n/10 の
 []


Overfull \hbox (9.6222pt too wide) in paragraph at lines 1--4
\JY2/mc/m/n/10 発
 []


Overfull \hbox (9.6222pt too wide) in paragraph at lines 1--4
\JY2/mc/m/n/10 展
 []


Overfull \hbox (9.6222pt too wide) in paragraph at lines 1--4
\JY2/mc/m/n/10 に
 []


Overfull \hbox (9.6222pt too wide) in paragraph at lines 1--4
\JY2/mc/m/n/10 よ
 []


Overfull \hbox (12.39998pt too wide) in paragraph at lines 1--4
\JY2/mc/m/n/10 り\OT1/cmr/m/n/10 ,
 []


Overfull \hbox (9.6222pt too wide) in paragraph at lines 1--4
\JY2/mc/m/n/10 最
 []


Overfull \hbox (9.6222pt too wide) in paragraph at lines 1--4
\JY2/mc/m/n/10 近
 []


Overfull \hbox (9.6222pt too wide) in paragraph at lines 1--4
\JY2/mc/m/n/10 で
 []


Overfull \hbox (9.6222pt too wide) in paragraph at lines 1--4
\JY2/mc/m/n/10 は
 []


Overfull \hbox (18.74438pt too wide) in paragraph at lines 1--4
\JY2/mc/m/n/10 様 々
 []


Overfull \hbox (9.6222pt too wide) in paragraph at lines 1--4
\JY2/mc/m/n/10 な
 []


Overfull \hbox (9.6222pt too wide) in paragraph at lines 1--4
\JY2/mc/m/n/10 も
 []


Overfull \hbox (9.6222pt too wide) in paragraph at lines 1--4
\JY2/mc/m/n/10 の
 []


Overfull \hbox (9.6222pt too wide) in paragraph at lines 1--4
\JY2/mc/m/n/10 に
 []


Overfull \hbox (9.6222pt too wide) in paragraph at lines 1--4
\JY2/mc/m/n/10 情
 []


Overfull \hbox (9.6222pt too wide) in paragraph at lines 1--4
\JY2/mc/m/n/10 報
 []


Overfull \hbox (9.6222pt too wide) in paragraph at lines 1--4
\JY2/mc/m/n/10 技
 []


Overfull \hbox (9.6222pt too wide) in paragraph at lines 1--4
\JY2/mc/m/n/10 術
 []


Overfull \hbox (9.6222pt too wide) in paragraph at lines 1--4
\JY2/mc/m/n/10 を
 []


Overfull \hbox (9.6222pt too wide) in paragraph at lines 1--4
\JY2/mc/m/n/10 組
 []


Overfull \hbox (9.6222pt too wide) in paragraph at lines 1--4
\JY2/mc/m/n/10 み
 []


Overfull \hbox (9.6222pt too wide) in paragraph at lines 1--4
\JY2/mc/m/n/10 込
 []


Overfull \hbox (9.6222pt too wide) in paragraph at lines 1--4
\JY2/mc/m/n/10 む
 []


Overfull \hbox (62.33897pt too wide) in paragraph at lines 1--4
\JY2/mc/m/n/10 「\OT1/cmr/m/n/10 IOT(Internet
 []


Overfull \hbox (8.05559pt too wide) in paragraph at lines 1--4
\OT1/cmr/m/n/10 of
 []


Overfull \hbox (38.75562pt too wide) in paragraph at lines 1--4
\OT1/cmr/m/n/10 Things)\JY2/mc/m/n/10 」
 []


Overfull \hbox (9.6222pt too wide) in paragraph at lines 1--4
\JY2/mc/m/n/10 と
 []


Overfull \hbox (9.6222pt too wide) in paragraph at lines 1--4
\JY2/mc/m/n/10 呼
 []


Overfull \hbox (9.6222pt too wide) in paragraph at lines 1--4
\JY2/mc/m/n/10 ば
 []


Overfull \hbox (9.6222pt too wide) in paragraph at lines 1--4
\JY2/mc/m/n/10 れ
 []


Overfull \hbox (9.6222pt too wide) in paragraph at lines 1--4
\JY2/mc/m/n/10 る
 []


Overfull \hbox (9.6222pt too wide) in paragraph at lines 1--4
\JY2/mc/m/n/10 技
 []


Overfull \hbox (9.6222pt too wide) in paragraph at lines 1--4
\JY2/mc/m/n/10 術
 []


Overfull \hbox (9.6222pt too wide) in paragraph at lines 1--4
\JY2/mc/m/n/10 な
 []


Overfull \hbox (9.6222pt too wide) in paragraph at lines 1--4
\JY2/mc/m/n/10 ど
 []


Overfull \hbox (9.6222pt too wide) in paragraph at lines 1--4
\JY2/mc/m/n/10 も
 []


Overfull \hbox (9.6222pt too wide) in paragraph at lines 1--4
\JY2/mc/m/n/10 登
 []


Overfull \hbox (9.6222pt too wide) in paragraph at lines 1--4
\JY2/mc/m/n/10 場
 []


Overfull \hbox (12.39998pt too wide) in paragraph at lines 1--4
\JY2/mc/m/n/10 し\OT1/cmr/m/n/10 ,
 []


Overfull \hbox (18.74438pt too wide) in paragraph at lines 1--4
\JY2/mc/m/n/10 我 々
 []


Overfull \hbox (9.6222pt too wide) in paragraph at lines 1--4
\JY2/mc/m/n/10 に
 []


Overfull \hbox (9.6222pt too wide) in paragraph at lines 1--4
\JY2/mc/m/n/10 生
 []


Overfull \hbox (9.6222pt too wide) in paragraph at lines 1--4
\JY2/mc/m/n/10 活
 []


Overfull \hbox (9.6222pt too wide) in paragraph at lines 1--4
\JY2/mc/m/n/10 の
 []


Overfull \hbox (9.6222pt too wide) in paragraph at lines 1--4
\JY2/mc/m/n/10 利
 []


Overfull \hbox (9.6222pt too wide) in paragraph at lines 1--4
\JY2/mc/m/n/10 便
 []


Overfull \hbox (9.6222pt too wide) in paragraph at lines 1--4
\JY2/mc/m/n/10 性
 []


Overfull \hbox (9.6222pt too wide) in paragraph at lines 1--4
\JY2/mc/m/n/10 を
 []


Overfull \hbox (9.6222pt too wide) in paragraph at lines 1--4
\JY2/mc/m/n/10 向
 []


Overfull \hbox (9.6222pt too wide) in paragraph at lines 1--4
\JY2/mc/m/n/10 上
 []


Overfull \hbox (9.6222pt too wide) in paragraph at lines 1--4
\JY2/mc/m/n/10 さ
 []


Overfull \hbox (9.6222pt too wide) in paragraph at lines 1--4
\JY2/mc/m/n/10 せ
 []


Overfull \hbox (9.6222pt too wide) in paragraph at lines 1--4
\JY2/mc/m/n/10 て
 []


Overfull \hbox (9.6222pt too wide) in paragraph at lines 1--4
\JY2/mc/m/n/10 い
 []


Overfull \hbox (13.93329pt too wide) in paragraph at lines 1--4
\JY2/mc/m/n/10 る 。
 []


Overfull \hbox (9.6222pt too wide) in paragraph at lines 1--4
\JY2/mc/m/n/10 し
 []


Overfull \hbox (9.6222pt too wide) in paragraph at lines 1--4
\JY2/mc/m/n/10 か
 []


Overfull \hbox (9.6222pt too wide) in paragraph at lines 1--4
\JY2/mc/m/n/10 し
 []


Overfull \hbox (9.6222pt too wide) in paragraph at lines 1--4
\JY2/mc/m/n/10 そ
 []


Overfull \hbox (9.6222pt too wide) in paragraph at lines 1--4
\JY2/mc/m/n/10 の
 []


Overfull \hbox (9.6222pt too wide) in paragraph at lines 1--4
\JY2/mc/m/n/10 一
 []


Overfull \hbox (9.6222pt too wide) in paragraph at lines 1--4
\JY2/mc/m/n/10 方
 []


Overfull \hbox (12.39998pt too wide) in paragraph at lines 1--4
\JY2/mc/m/n/10 で\OT1/cmr/m/n/10 ,
 []


Overfull \hbox (9.6222pt too wide) in paragraph at lines 1--4
\JY2/mc/m/n/10 イ
 []


Overfull \hbox (9.6222pt too wide) in paragraph at lines 1--4
\JY2/mc/m/n/10 ン
 []


Overfull \hbox (18.74438pt too wide) in paragraph at lines 1--4
\JY2/mc/m/n/10 タ ー
 []


Overfull \hbox (9.6222pt too wide) in paragraph at lines 1--4
\JY2/mc/m/n/10 ネ
 []


Overfull \hbox (9.6222pt too wide) in paragraph at lines 1--4
\JY2/mc/m/n/10 ッ
 []


Overfull \hbox (9.6222pt too wide) in paragraph at lines 1--4
\JY2/mc/m/n/10 ト
 []


Overfull \hbox (9.6222pt too wide) in paragraph at lines 1--4
\JY2/mc/m/n/10 上
 []


Overfull \hbox (9.6222pt too wide) in paragraph at lines 1--4
\JY2/mc/m/n/10 で
 []


Overfull \hbox (9.6222pt too wide) in paragraph at lines 1--4
\JY2/mc/m/n/10 の
 []


Overfull \hbox (9.6222pt too wide) in paragraph at lines 1--4
\JY2/mc/m/n/10 ク
 []


Overfull \hbox (9.6222pt too wide) in paragraph at lines 1--4
\JY2/mc/m/n/10 レ
 []


Overfull \hbox (9.6222pt too wide) in paragraph at lines 1--4
\JY2/mc/m/n/10 ジ
 []


Overfull \hbox (9.6222pt too wide) in paragraph at lines 1--4
\JY2/mc/m/n/10 ッ
 []


Overfull \hbox (9.6222pt too wide) in paragraph at lines 1--4
\JY2/mc/m/n/10 ト
 []


Overfull \hbox (18.74438pt too wide) in paragraph at lines 1--4
\JY2/mc/m/n/10 カ ー
 []


Overfull \hbox (9.6222pt too wide) in paragraph at lines 1--4
\JY2/mc/m/n/10 ド
 []


Overfull \hbox (9.6222pt too wide) in paragraph at lines 1--4
\JY2/mc/m/n/10 の
 []


Overfull \hbox (9.6222pt too wide) in paragraph at lines 1--4
\JY2/mc/m/n/10 番
 []


Overfull \hbox (9.6222pt too wide) in paragraph at lines 1--4
\JY2/mc/m/n/10 号
 []


Overfull \hbox (9.6222pt too wide) in paragraph at lines 1--4
\JY2/mc/m/n/10 を
 []


Overfull \hbox (9.6222pt too wide) in paragraph at lines 1--4
\JY2/mc/m/n/10 通
 []


Overfull \hbox (9.6222pt too wide) in paragraph at lines 1--4
\JY2/mc/m/n/10 信
 []


Overfull \hbox (9.6222pt too wide) in paragraph at lines 1--4
\JY2/mc/m/n/10 す
 []


Overfull \hbox (9.6222pt too wide) in paragraph at lines 1--4
\JY2/mc/m/n/10 る
 []


Overfull \hbox (9.6222pt too wide) in paragraph at lines 1--4
\JY2/mc/m/n/10 際
 []


Overfull \hbox (12.39998pt too wide) in paragraph at lines 1--4
\JY2/mc/m/n/10 や\OT1/cmr/m/n/10 ,
 []


Overfull \hbox (9.6222pt too wide) in paragraph at lines 1--4
\JY2/mc/m/n/10 機
 []


Overfull \hbox (9.6222pt too wide) in paragraph at lines 1--4
\JY2/mc/m/n/10 密
 []


Overfull \hbox (9.6222pt too wide) in paragraph at lines 1--4
\JY2/mc/m/n/10 性
 []


Overfull \hbox (9.6222pt too wide) in paragraph at lines 1--4
\JY2/mc/m/n/10 の
 []


Overfull \hbox (9.6222pt too wide) in paragraph at lines 1--4
\JY2/mc/m/n/10 高
 []


Overfull \hbox (9.6222pt too wide) in paragraph at lines 1--4
\JY2/mc/m/n/10 い
 []


Overfull \hbox (9.6222pt too wide) in paragraph at lines 1--4
\JY2/mc/m/n/10 情
 []


Overfull \hbox (9.6222pt too wide) in paragraph at lines 1--4
\JY2/mc/m/n/10 報
 []


Overfull \hbox (9.6222pt too wide) in paragraph at lines 1--4
\JY2/mc/m/n/10 を
 []


Overfull \hbox (9.6222pt too wide) in paragraph at lines 1--4
\JY2/mc/m/n/10 送
 []


Overfull \hbox (9.6222pt too wide) in paragraph at lines 1--4
\JY2/mc/m/n/10 信
 []


Overfull \hbox (9.6222pt too wide) in paragraph at lines 1--4
\JY2/mc/m/n/10 す
 []


Overfull \hbox (9.6222pt too wide) in paragraph at lines 1--4
\JY2/mc/m/n/10 る
 []


Overfull \hbox (9.6222pt too wide) in paragraph at lines 1--4
\JY2/mc/m/n/10 際
 []


Overfull \hbox (9.6222pt too wide) in paragraph at lines 1--4
\JY2/mc/m/n/10 な
 []


Overfull \hbox (12.39998pt too wide) in paragraph at lines 1--4
\JY2/mc/m/n/10 ど\OT1/cmr/m/n/10 ,
 []


Overfull \hbox (9.6222pt too wide) in paragraph at lines 1--4
\JY2/mc/m/n/10 通
 []


Overfull \hbox (9.6222pt too wide) in paragraph at lines 1--4
\JY2/mc/m/n/10 信
 []


Overfull \hbox (9.6222pt too wide) in paragraph at lines 1--4
\JY2/mc/m/n/10 さ
 []


Overfull \hbox (9.6222pt too wide) in paragraph at lines 1--4
\JY2/mc/m/n/10 れ
 []


Overfull \hbox (9.6222pt too wide) in paragraph at lines 1--4
\JY2/mc/m/n/10 る
 []


Overfull \hbox (9.6222pt too wide) in paragraph at lines 1--4
\JY2/mc/m/n/10 情
 []


Overfull \hbox (9.6222pt too wide) in paragraph at lines 1--4
\JY2/mc/m/n/10 報
 []


Overfull \hbox (9.6222pt too wide) in paragraph at lines 1--4
\JY2/mc/m/n/10 が
 []


Overfull \hbox (9.6222pt too wide) in paragraph at lines 1--4
\JY2/mc/m/n/10 盗
 []


Overfull \hbox (9.6222pt too wide) in paragraph at lines 1--4
\JY2/mc/m/n/10 み
 []


Overfull \hbox (9.6222pt too wide) in paragraph at lines 1--4
\JY2/mc/m/n/10 取
 []


Overfull \hbox (9.6222pt too wide) in paragraph at lines 1--4
\JY2/mc/m/n/10 ら
 []


Overfull \hbox (12.39998pt too wide) in paragraph at lines 1--4
\JY2/mc/m/n/10 れ\OT1/cmr/m/n/10 ,
 []


Overfull \hbox (9.6222pt too wide) in paragraph at lines 1--4
\JY2/mc/m/n/10 複
 []


Overfull \hbox (12.39998pt too wide) in paragraph at lines 1--4
\JY2/mc/m/n/10 製\OT1/cmr/m/n/10 ,
 []


Overfull \hbox (9.6222pt too wide) in paragraph at lines 1--4
\JY2/mc/m/n/10 改
 []


Overfull \hbox (9.6222pt too wide) in paragraph at lines 1--4
\JY2/mc/m/n/10 ざ
 []


Overfull \hbox (9.6222pt too wide) in paragraph at lines 1--4
\JY2/mc/m/n/10 ん
 []


Overfull \hbox (9.6222pt too wide) in paragraph at lines 1--4
\JY2/mc/m/n/10 さ
 []


Overfull \hbox (9.6222pt too wide) in paragraph at lines 1--4
\JY2/mc/m/n/10 れ
 []


Overfull \hbox (9.6222pt too wide) in paragraph at lines 1--4
\JY2/mc/m/n/10 る
 []


Overfull \hbox (9.6222pt too wide) in paragraph at lines 1--4
\JY2/mc/m/n/10 危
 []


Overfull \hbox (9.6222pt too wide) in paragraph at lines 1--4
\JY2/mc/m/n/10 険
 []


Overfull \hbox (9.6222pt too wide) in paragraph at lines 1--4
\JY2/mc/m/n/10 性
 []


Overfull \hbox (9.6222pt too wide) in paragraph at lines 1--4
\JY2/mc/m/n/10 が
 []


Overfull \hbox (9.6222pt too wide) in paragraph at lines 1--4
\JY2/mc/m/n/10 あ
 []


Overfull \hbox (13.93329pt too wide) in paragraph at lines 1--4
\JY2/mc/m/n/10 る 。
 []


Overfull \hbox (9.6222pt too wide) in paragraph at lines 1--4
\JY2/mc/m/n/10 そ
 []


Overfull \hbox (9.6222pt too wide) in paragraph at lines 1--4
\JY2/mc/m/n/10 の
 []


Overfull \hbox (9.6222pt too wide) in paragraph at lines 1--4
\JY2/mc/m/n/10 た
 []


Overfull \hbox (12.39998pt too wide) in paragraph at lines 1--4
\JY2/mc/m/n/10 め\OT1/cmr/m/n/10 ,
 []


Overfull \hbox (9.6222pt too wide) in paragraph at lines 1--4
\JY2/mc/m/n/10 第
 []


Overfull \hbox (5.00002pt too wide) in paragraph at lines 1--4
\OT1/cmr/m/n/10 3
 []


Overfull \hbox (9.6222pt too wide) in paragraph at lines 1--4
\JY2/mc/m/n/10 者
 []


Overfull \hbox (9.6222pt too wide) in paragraph at lines 1--4
\JY2/mc/m/n/10 に
 []


Overfull \hbox (9.6222pt too wide) in paragraph at lines 1--4
\JY2/mc/m/n/10 見
 []


Overfull \hbox (9.6222pt too wide) in paragraph at lines 1--4
\JY2/mc/m/n/10 ら
 []


Overfull \hbox (9.6222pt too wide) in paragraph at lines 1--4
\JY2/mc/m/n/10 れ
 []


Overfull \hbox (9.6222pt too wide) in paragraph at lines 1--4
\JY2/mc/m/n/10 た
 []


Overfull \hbox (9.6222pt too wide) in paragraph at lines 1--4
\JY2/mc/m/n/10 く
 []


Overfull \hbox (9.6222pt too wide) in paragraph at lines 1--4
\JY2/mc/m/n/10 な
 []


Overfull \hbox (9.6222pt too wide) in paragraph at lines 1--4
\JY2/mc/m/n/10 い
 []


Overfull \hbox (9.6222pt too wide) in paragraph at lines 1--4
\JY2/mc/m/n/10 情
 []


Overfull \hbox (9.6222pt too wide) in paragraph at lines 1--4
\JY2/mc/m/n/10 報
 []


Overfull \hbox (9.6222pt too wide) in paragraph at lines 1--4
\JY2/mc/m/n/10 を
 []


Overfull \hbox (9.6222pt too wide) in paragraph at lines 1--4
\JY2/mc/m/n/10 守
 []


Overfull \hbox (9.6222pt too wide) in paragraph at lines 1--4
\JY2/mc/m/n/10 る
 []


Overfull \hbox (9.6222pt too wide) in paragraph at lines 1--4
\JY2/mc/m/n/10 必
 []


Overfull \hbox (9.6222pt too wide) in paragraph at lines 1--4
\JY2/mc/m/n/10 要
 []


Overfull \hbox (9.6222pt too wide) in paragraph at lines 1--4
\JY2/mc/m/n/10 が
 []


Overfull \hbox (9.6222pt too wide) in paragraph at lines 1--4
\JY2/mc/m/n/10 あ
 []


Overfull \hbox (13.93329pt too wide) in paragraph at lines 1--4
\JY2/mc/m/n/10 る 。
 []


Overfull \hbox (9.6222pt too wide) in paragraph at lines 1--4
\JY2/mc/m/n/10 こ
 []


Overfull \hbox (9.6222pt too wide) in paragraph at lines 1--4
\JY2/mc/m/n/10 れ
 []


Overfull \hbox (9.6222pt too wide) in paragraph at lines 1--4
\JY2/mc/m/n/10 を
 []


Overfull \hbox (9.6222pt too wide) in paragraph at lines 1--4
\JY2/mc/m/n/10 実
 []


Overfull \hbox (9.6222pt too wide) in paragraph at lines 1--4
\JY2/mc/m/n/10 現
 []


Overfull \hbox (12.39998pt too wide) in paragraph at lines 1--4
\JY2/mc/m/n/10 し\OT1/cmr/m/n/10 ,
 []


Overfull \hbox (9.6222pt too wide) in paragraph at lines 1--4
\JY2/mc/m/n/10 さ
 []


Overfull \hbox (9.6222pt too wide) in paragraph at lines 1--4
\JY2/mc/m/n/10 ら
 []


Overfull \hbox (9.6222pt too wide) in paragraph at lines 1--4
\JY2/mc/m/n/10 に
 []


Overfull \hbox (9.6222pt too wide) in paragraph at lines 1--4
\JY2/mc/m/n/10 は
 []


Overfull \hbox (9.6222pt too wide) in paragraph at lines 1--4
\JY2/mc/m/n/10 通
 []


Overfull \hbox (9.6222pt too wide) in paragraph at lines 1--4
\JY2/mc/m/n/10 信
 []


Overfull \hbox (9.6222pt too wide) in paragraph at lines 1--4
\JY2/mc/m/n/10 し
 []


Overfull \hbox (9.6222pt too wide) in paragraph at lines 1--4
\JY2/mc/m/n/10 て
 []


Overfull \hbox (9.6222pt too wide) in paragraph at lines 1--4
\JY2/mc/m/n/10 い
 []


Overfull \hbox (9.6222pt too wide) in paragraph at lines 1--4
\JY2/mc/m/n/10 る
 []


Overfull \hbox (9.6222pt too wide) in paragraph at lines 1--4
\JY2/mc/m/n/10 相
 []


Overfull \hbox (9.6222pt too wide) in paragraph at lines 1--4
\JY2/mc/m/n/10 手
 []


Overfull \hbox (9.6222pt too wide) in paragraph at lines 1--4
\JY2/mc/m/n/10 が
 []


Overfull \hbox (9.6222pt too wide) in paragraph at lines 1--4
\JY2/mc/m/n/10 本
 []


Overfull \hbox (9.6222pt too wide) in paragraph at lines 1--4
\JY2/mc/m/n/10 当
 []


Overfull \hbox (9.6222pt too wide) in paragraph at lines 1--4
\JY2/mc/m/n/10 に
 []


Overfull \hbox (9.6222pt too wide) in paragraph at lines 1--4
\JY2/mc/m/n/10 目
 []


Overfull \hbox (9.6222pt too wide) in paragraph at lines 1--4
\JY2/mc/m/n/10 的
 []


Overfull \hbox (9.6222pt too wide) in paragraph at lines 1--4
\JY2/mc/m/n/10 の
 []


Overfull \hbox (9.6222pt too wide) in paragraph at lines 1--4
\JY2/mc/m/n/10 人
 []


Overfull \hbox (9.6222pt too wide) in paragraph at lines 1--4
\JY2/mc/m/n/10 物
 []


Overfull \hbox (9.6222pt too wide) in paragraph at lines 1--4
\JY2/mc/m/n/10 な
 []


Overfull \hbox (9.6222pt too wide) in paragraph at lines 1--4
\JY2/mc/m/n/10 の
 []


Overfull \hbox (9.6222pt too wide) in paragraph at lines 1--4
\JY2/mc/m/n/10 か
 []


Overfull \hbox (9.6222pt too wide) in paragraph at lines 1--4
\JY2/mc/m/n/10 を
 []


Overfull \hbox (9.6222pt too wide) in paragraph at lines 1--4
\JY2/mc/m/n/10 確
 []


Overfull \hbox (9.6222pt too wide) in paragraph at lines 1--4
\JY2/mc/m/n/10 か
 []


Overfull \hbox (9.6222pt too wide) in paragraph at lines 1--4
\JY2/mc/m/n/10 め
 []


Overfull \hbox (9.6222pt too wide) in paragraph at lines 1--4
\JY2/mc/m/n/10 る
 []


Overfull \hbox (9.6222pt too wide) in paragraph at lines 1--4
\JY2/mc/m/n/10 た
 []


Overfull \hbox (12.39998pt too wide) in paragraph at lines 1--4
\JY2/mc/m/n/10 め\OT1/cmr/m/n/10 ,
 []


Overfull \hbox (9.6222pt too wide) in paragraph at lines 1--4
\JY2/mc/m/n/10 認
 []


Overfull \hbox (9.6222pt too wide) in paragraph at lines 1--4
\JY2/mc/m/n/10 証
 []


Overfull \hbox (9.6222pt too wide) in paragraph at lines 1--4
\JY2/mc/m/n/10 な
 []


Overfull \hbox (9.6222pt too wide) in paragraph at lines 1--4
\JY2/mc/m/n/10 ど
 []


Overfull \hbox (9.6222pt too wide) in paragraph at lines 1--4
\JY2/mc/m/n/10 も
 []


Overfull \hbox (9.6222pt too wide) in paragraph at lines 1--4
\JY2/mc/m/n/10 行
 []


Overfull \hbox (9.6222pt too wide) in paragraph at lines 1--4
\JY2/mc/m/n/10 う
 []


Overfull \hbox (9.6222pt too wide) in paragraph at lines 1--4
\JY2/mc/m/n/10 よ
 []


Overfull \hbox (9.6222pt too wide) in paragraph at lines 1--4
\JY2/mc/m/n/10 う
 []


Overfull \hbox (9.6222pt too wide) in paragraph at lines 1--4
\JY2/mc/m/n/10 に
 []


Overfull \hbox (9.6222pt too wide) in paragraph at lines 1--4
\JY2/mc/m/n/10 す
 []


Overfull \hbox (9.6222pt too wide) in paragraph at lines 1--4
\JY2/mc/m/n/10 る
 []


Overfull \hbox (9.6222pt too wide) in paragraph at lines 1--4
\JY2/mc/m/n/10 の
 []


Overfull \hbox (9.6222pt too wide) in paragraph at lines 1--4
\JY2/mc/m/n/10 が
 []


Overfull \hbox (9.6222pt too wide) in paragraph at lines 1--4
\JY2/mc/m/n/10 情
 []


Overfull \hbox (9.6222pt too wide) in paragraph at lines 1--4
\JY2/mc/m/n/10 報
 []


Overfull \hbox (9.6222pt too wide) in paragraph at lines 1--4
\JY2/mc/m/n/10 セ
 []


Overfull \hbox (9.6222pt too wide) in paragraph at lines 1--4
\JY2/mc/m/n/10 キ
 []


Overfull \hbox (9.6222pt too wide) in paragraph at lines 1--4
\JY2/mc/m/n/10 ュ
 []


Overfull \hbox (9.6222pt too wide) in paragraph at lines 1--4
\JY2/mc/m/n/10 リ
 []


Overfull \hbox (9.6222pt too wide) in paragraph at lines 1--4
\JY2/mc/m/n/10 テ
 []


Overfull \hbox (9.6222pt too wide) in paragraph at lines 1--4
\JY2/mc/m/n/10 ィ
 []


Overfull \hbox (9.6222pt too wide) in paragraph at lines 1--4
\JY2/mc/m/n/10 技
 []


Overfull \hbox (9.6222pt too wide) in paragraph at lines 1--4
\JY2/mc/m/n/10 術
 []


Overfull \hbox (9.6222pt too wide) in paragraph at lines 1--4
\JY2/mc/m/n/10 で
 []


Overfull \hbox (9.6222pt too wide) in paragraph at lines 1--4
\JY2/mc/m/n/10 あ
 []


Overfull \hbox (13.93329pt too wide) in paragraph at lines 1--4
\JY2/mc/m/n/10 る 。
 []


Overfull \hbox (9.6222pt too wide) in paragraph at lines 1--4
\JY2/mc/m/n/10 こ
 []


Overfull \hbox (9.6222pt too wide) in paragraph at lines 1--4
\JY2/mc/m/n/10 の
 []


Overfull \hbox (9.6222pt too wide) in paragraph at lines 1--4
\JY2/mc/m/n/10 情
 []


Overfull \hbox (9.6222pt too wide) in paragraph at lines 1--4
\JY2/mc/m/n/10 報
 []


Overfull \hbox (9.6222pt too wide) in paragraph at lines 1--4
\JY2/mc/m/n/10 セ
 []


Overfull \hbox (9.6222pt too wide) in paragraph at lines 1--4
\JY2/mc/m/n/10 キ
 []


Overfull \hbox (9.6222pt too wide) in paragraph at lines 1--4
\JY2/mc/m/n/10 ュ
 []


Overfull \hbox (9.6222pt too wide) in paragraph at lines 1--4
\JY2/mc/m/n/10 リ
 []


Overfull \hbox (9.6222pt too wide) in paragraph at lines 1--4
\JY2/mc/m/n/10 テ
 []


Overfull \hbox (9.6222pt too wide) in paragraph at lines 1--4
\JY2/mc/m/n/10 ィ
 []


Overfull \hbox (9.6222pt too wide) in paragraph at lines 1--4
\JY2/mc/m/n/10 技
 []


Overfull \hbox (9.6222pt too wide) in paragraph at lines 1--4
\JY2/mc/m/n/10 術
 []


Overfull \hbox (9.6222pt too wide) in paragraph at lines 1--4
\JY2/mc/m/n/10 の
 []


Overfull \hbox (9.6222pt too wide) in paragraph at lines 1--4
\JY2/mc/m/n/10 核
 []


Overfull \hbox (9.6222pt too wide) in paragraph at lines 1--4
\JY2/mc/m/n/10 と
 []


Overfull \hbox (9.6222pt too wide) in paragraph at lines 1--4
\JY2/mc/m/n/10 な
 []


Overfull \hbox (9.6222pt too wide) in paragraph at lines 1--4
\JY2/mc/m/n/10 る
 []


Overfull \hbox (9.6222pt too wide) in paragraph at lines 1--4
\JY2/mc/m/n/10 技
 []


Overfull \hbox (9.6222pt too wide) in paragraph at lines 1--4
\JY2/mc/m/n/10 術
 []


Overfull \hbox (9.6222pt too wide) in paragraph at lines 1--4
\JY2/mc/m/n/10 の
 []


Overfull \hbox (9.6222pt too wide) in paragraph at lines 1--4
\JY2/mc/m/n/10 一
 []


Overfull \hbox (9.6222pt too wide) in paragraph at lines 1--4
\JY2/mc/m/n/10 つ
 []


Overfull \hbox (9.6222pt too wide) in paragraph at lines 1--4
\JY2/mc/m/n/10 が
 []


Overfull \hbox (9.6222pt too wide) in paragraph at lines 1--4
\JY2/mc/m/n/10 暗
 []


Overfull \hbox (9.6222pt too wide) in paragraph at lines 1--4
\JY2/mc/m/n/10 号
 []


Overfull \hbox (9.6222pt too wide) in paragraph at lines 1--4
\JY2/mc/m/n/10 で
 []


Overfull \hbox (9.6222pt too wide) in paragraph at lines 1--4
\JY2/mc/m/n/10 あ
 []


Overfull \hbox (12.39998pt too wide) in paragraph at lines 1--4
\JY2/mc/m/n/10 り\OT1/cmr/m/n/10 ,
 []


Overfull \hbox (9.6222pt too wide) in paragraph at lines 1--4
\JY2/mc/m/n/10 世
 []


Overfull \hbox (9.6222pt too wide) in paragraph at lines 1--4
\JY2/mc/m/n/10 界
 []


Overfull \hbox (9.6222pt too wide) in paragraph at lines 1--4
\JY2/mc/m/n/10 中
 []


Overfull \hbox (9.6222pt too wide) in paragraph at lines 1--4
\JY2/mc/m/n/10 で
 []


Overfull \hbox (9.6222pt too wide) in paragraph at lines 1--4
\JY2/mc/m/n/10 盛
 []


Overfull \hbox (9.6222pt too wide) in paragraph at lines 1--4
\JY2/mc/m/n/10 ん
 []


Overfull \hbox (9.6222pt too wide) in paragraph at lines 1--4
\JY2/mc/m/n/10 に
 []


Overfull \hbox (9.6222pt too wide) in paragraph at lines 1--4
\JY2/mc/m/n/10 研
 []


Overfull \hbox (9.6222pt too wide) in paragraph at lines 1--4
\JY2/mc/m/n/10 究
 []


Overfull \hbox (9.6222pt too wide) in paragraph at lines 1--4
\JY2/mc/m/n/10 さ
 []


Overfull \hbox (9.6222pt too wide) in paragraph at lines 1--4
\JY2/mc/m/n/10 れ
 []


Overfull \hbox (9.6222pt too wide) in paragraph at lines 1--4
\JY2/mc/m/n/10 て
 []


Overfull \hbox (9.6222pt too wide) in paragraph at lines 1--4
\JY2/mc/m/n/10 い
 []


Overfull \hbox (13.93329pt too wide) in paragraph at lines 1--4
\JY2/mc/m/n/10 る 。 
 []


Underfull \vbox (badness 10000) has occurred while \output is active []

LaTeX Font Info:    Font shape `JT2/mc/m/n' will be
(Font)              scaled to size 9.6222pt on input line 4.
LaTeX Font Info:    Font shape `JY2/mc/m/n' will be
(Font)              scaled to size 9.6222pt on input line 4.


./01_intro.tex:4: LaTeX Error: The font size command \normalsize is not defined:
               there is probably something wrong with the class file.

See the LaTeX manual or LaTeX Companion for explanation.
Type  H <return>  for immediate help.
 ...                                              
                                                  
l.4 
    
Your command was ignored.
Type  I <command> <return>  to replace it with another command,
or  <return>  to continue without it.

[1]

./01_intro.tex:7: LaTeX Error: Missing \begin{document}.

See the LaTeX manual or LaTeX Companion for explanation.
Type  H <return>  for immediate help.
 ...                                              
                                                  
l.7 楕
       円曲線暗号とは有限体上の楕円曲線を用いた暗号で...
You're in trouble here.  Try typing  <return>  to proceed.
If that doesn't work, type  X <return>  to quit.


Overfull \hbox (29.6222pt too wide) in paragraph at lines 7--9
[]\JY2/mc/m/n/10 楕
 []


Overfull \hbox (9.6222pt too wide) in paragraph at lines 7--9
\JY2/mc/m/n/10 円
 []


Overfull \hbox (9.6222pt too wide) in paragraph at lines 7--9
\JY2/mc/m/n/10 曲
 []


Overfull \hbox (9.6222pt too wide) in paragraph at lines 7--9
\JY2/mc/m/n/10 線
 []


Overfull \hbox (9.6222pt too wide) in paragraph at lines 7--9
\JY2/mc/m/n/10 暗
 []


Overfull \hbox (9.6222pt too wide) in paragraph at lines 7--9
\JY2/mc/m/n/10 号
 []


Overfull \hbox (9.6222pt too wide) in paragraph at lines 7--9
\JY2/mc/m/n/10 と
 []


Overfull \hbox (9.6222pt too wide) in paragraph at lines 7--9
\JY2/mc/m/n/10 は
 []


Overfull \hbox (9.6222pt too wide) in paragraph at lines 7--9
\JY2/mc/m/n/10 有
 []


Overfull \hbox (9.6222pt too wide) in paragraph at lines 7--9
\JY2/mc/m/n/10 限
 []


Overfull \hbox (9.6222pt too wide) in paragraph at lines 7--9
\JY2/mc/m/n/10 体
 []


Overfull \hbox (9.6222pt too wide) in paragraph at lines 7--9
\JY2/mc/m/n/10 上
 []


Overfull \hbox (9.6222pt too wide) in paragraph at lines 7--9
\JY2/mc/m/n/10 の
 []


Overfull \hbox (9.6222pt too wide) in paragraph at lines 7--9
\JY2/mc/m/n/10 楕
 []


Overfull \hbox (9.6222pt too wide) in paragraph at lines 7--9
\JY2/mc/m/n/10 円
 []


Overfull \hbox (9.6222pt too wide) in paragraph at lines 7--9
\JY2/mc/m/n/10 曲
 []


Overfull \hbox (9.6222pt too wide) in paragraph at lines 7--9
\JY2/mc/m/n/10 線
 []


Overfull \hbox (9.6222pt too wide) in paragraph at lines 7--9
\JY2/mc/m/n/10 を
 []


Overfull \hbox (9.6222pt too wide) in paragraph at lines 7--9
\JY2/mc/m/n/10 用
 []


Overfull \hbox (9.6222pt too wide) in paragraph at lines 7--9
\JY2/mc/m/n/10 い
 []


Overfull \hbox (9.6222pt too wide) in paragraph at lines 7--9
\JY2/mc/m/n/10 た
 []


Overfull \hbox (9.6222pt too wide) in paragraph at lines 7--9
\JY2/mc/m/n/10 暗
 []


Overfull \hbox (9.6222pt too wide) in paragraph at lines 7--9
\JY2/mc/m/n/10 号
 []


Overfull \hbox (12.39998pt too wide) in paragraph at lines 7--9
\JY2/mc/m/n/10 で\OT1/cmr/m/n/10 ,
 []


Overfull \hbox (9.6222pt too wide) in paragraph at lines 7--9
\JY2/mc/m/n/10 こ
 []


Overfull \hbox (9.6222pt too wide) in paragraph at lines 7--9
\JY2/mc/m/n/10 れ
 []


Overfull \hbox (9.6222pt too wide) in paragraph at lines 7--9
\JY2/mc/m/n/10 に
 []


Overfull \hbox (9.6222pt too wide) in paragraph at lines 7--9
\JY2/mc/m/n/10 対
 []


Overfull \hbox (9.6222pt too wide) in paragraph at lines 7--9
\JY2/mc/m/n/10 す
 []


Overfull \hbox (9.6222pt too wide) in paragraph at lines 7--9
\JY2/mc/m/n/10 る
 []


Overfull \hbox (9.6222pt too wide) in paragraph at lines 7--9
\JY2/mc/m/n/10 攻
 []


Overfull \hbox (9.6222pt too wide) in paragraph at lines 7--9
\JY2/mc/m/n/10 撃
 []


Overfull \hbox (9.6222pt too wide) in paragraph at lines 7--9
\JY2/mc/m/n/10 方
 []


Overfull \hbox (9.6222pt too wide) in paragraph at lines 7--9
\JY2/mc/m/n/10 法
 []


Overfull \hbox (9.6222pt too wide) in paragraph at lines 7--9
\JY2/mc/m/n/10 と
 []


Overfull \hbox (9.6222pt too wide) in paragraph at lines 7--9
\JY2/mc/m/n/10 し
 []


Overfull \hbox (9.6222pt too wide) in paragraph at lines 7--9
\JY2/mc/m/n/10 て
 []


Overfull \hbox (9.6222pt too wide) in paragraph at lines 7--9
\JY2/mc/m/n/10 ペ
 []


Overfull \hbox (9.6222pt too wide) in paragraph at lines 7--9
\JY2/mc/m/n/10 ア
 []


Overfull \hbox (9.6222pt too wide) in paragraph at lines 7--9
\JY2/mc/m/n/10 リ
 []


Overfull \hbox (9.6222pt too wide) in paragraph at lines 7--9
\JY2/mc/m/n/10 ン
 []


Overfull \hbox (9.6222pt too wide) in paragraph at lines 7--9
\JY2/mc/m/n/10 グ
 []


Overfull \hbox (9.6222pt too wide) in paragraph at lines 7--9
\JY2/mc/m/n/10 が
 []


Overfull \hbox (9.6222pt too wide) in paragraph at lines 7--9
\JY2/mc/m/n/10 用
 []


Overfull \hbox (9.6222pt too wide) in paragraph at lines 7--9
\JY2/mc/m/n/10 い
 []


Overfull \hbox (9.6222pt too wide) in paragraph at lines 7--9
\JY2/mc/m/n/10 ら
 []


Overfull \hbox (9.6222pt too wide) in paragraph at lines 7--9
\JY2/mc/m/n/10 れ
 []


Overfull \hbox (13.93329pt too wide) in paragraph at lines 7--9
\JY2/mc/m/n/10 た 。
 []


Overfull \hbox (9.6222pt too wide) in paragraph at lines 7--9
\JY2/mc/m/n/10 ペ
 []


Overfull \hbox (9.6222pt too wide) in paragraph at lines 7--9
\JY2/mc/m/n/10 ア
 []


Overfull \hbox (9.6222pt too wide) in paragraph at lines 7--9
\JY2/mc/m/n/10 リ
 []


Overfull \hbox (9.6222pt too wide) in paragraph at lines 7--9
\JY2/mc/m/n/10 ン
 []


Overfull \hbox (9.6222pt too wide) in paragraph at lines 7--9
\JY2/mc/m/n/10 グ
 []


Overfull \hbox (9.6222pt too wide) in paragraph at lines 7--9
\JY2/mc/m/n/10 と
 []


Overfull \hbox (9.6222pt too wide) in paragraph at lines 7--9
\JY2/mc/m/n/10 は
 []


Overfull \hbox (9.6222pt too wide) in paragraph at lines 7--9
\JY2/mc/m/n/10 楕
 []


Overfull \hbox (9.6222pt too wide) in paragraph at lines 7--9
\JY2/mc/m/n/10 円
 []


Overfull \hbox (9.6222pt too wide) in paragraph at lines 7--9
\JY2/mc/m/n/10 曲
 []


Overfull \hbox (9.6222pt too wide) in paragraph at lines 7--9
\JY2/mc/m/n/10 線
 []


Overfull \hbox (9.6222pt too wide) in paragraph at lines 7--9
\JY2/mc/m/n/10 上
 []


Overfull \hbox (9.6222pt too wide) in paragraph at lines 7--9
\JY2/mc/m/n/10 で
 []


Overfull \hbox (9.6222pt too wide) in paragraph at lines 7--9
\JY2/mc/m/n/10 定
 []


Overfull \hbox (9.6222pt too wide) in paragraph at lines 7--9
\JY2/mc/m/n/10 義
 []


Overfull \hbox (9.6222pt too wide) in paragraph at lines 7--9
\JY2/mc/m/n/10 さ
 []


Overfull \hbox (9.6222pt too wide) in paragraph at lines 7--9
\JY2/mc/m/n/10 れ
 []


Overfull \hbox (9.6222pt too wide) in paragraph at lines 7--9
\JY2/mc/m/n/10 る
 []


Overfull \hbox (9.6222pt too wide) in paragraph at lines 7--9
\JY2/mc/m/n/10 双
 []


Overfull \hbox (9.6222pt too wide) in paragraph at lines 7--9
\JY2/mc/m/n/10 線
 []


Overfull \hbox (9.6222pt too wide) in paragraph at lines 7--9
\JY2/mc/m/n/10 形
 []


Overfull \hbox (9.6222pt too wide) in paragraph at lines 7--9
\JY2/mc/m/n/10 写
 []


Overfull \hbox (9.6222pt too wide) in paragraph at lines 7--9
\JY2/mc/m/n/10 像
 []


Overfull \hbox (9.6222pt too wide) in paragraph at lines 7--9
\JY2/mc/m/n/10 で
 []


Overfull \hbox (9.6222pt too wide) in paragraph at lines 7--9
\JY2/mc/m/n/10 あ
 []


Overfull \hbox (13.93329pt too wide) in paragraph at lines 7--9
\JY2/mc/m/n/10 る 。
 []


Overfull \hbox (20.00006pt too wide) in paragraph at lines 7--9
\OT1/cmr/m/n/10 2000
 []


Overfull \hbox (9.6222pt too wide) in paragraph at lines 7--9
\JY2/mc/m/n/10 年
 []


Overfull \hbox (9.6222pt too wide) in paragraph at lines 7--9
\JY2/mc/m/n/10 以
 []


Overfull \hbox (12.39998pt too wide) in paragraph at lines 7--9
\JY2/mc/m/n/10 降\OT1/cmr/m/n/10 ,
 []


Overfull \hbox (9.6222pt too wide) in paragraph at lines 7--9
\JY2/mc/m/n/10 暗
 []


Overfull \hbox (9.6222pt too wide) in paragraph at lines 7--9
\JY2/mc/m/n/10 号
 []


Overfull \hbox (9.6222pt too wide) in paragraph at lines 7--9
\JY2/mc/m/n/10 プ
 []


Overfull \hbox (9.6222pt too wide) in paragraph at lines 7--9
\JY2/mc/m/n/10 リ
 []


Overfull \hbox (9.6222pt too wide) in paragraph at lines 7--9
\JY2/mc/m/n/10 ミ
 []


Overfull \hbox (9.6222pt too wide) in paragraph at lines 7--9
\JY2/mc/m/n/10 テ
 []


Overfull \hbox (9.6222pt too wide) in paragraph at lines 7--9
\JY2/mc/m/n/10 ィ
 []


Overfull \hbox (9.6222pt too wide) in paragraph at lines 7--9
\JY2/mc/m/n/10 ブ
 []


Overfull \hbox (9.6222pt too wide) in paragraph at lines 7--9
\JY2/mc/m/n/10 と
 []


Overfull \hbox (9.6222pt too wide) in paragraph at lines 7--9
\JY2/mc/m/n/10 し
 []


Overfull \hbox (9.6222pt too wide) in paragraph at lines 7--9
\JY2/mc/m/n/10 て
 []


Overfull \hbox (9.6222pt too wide) in paragraph at lines 7--9
\JY2/mc/m/n/10 広
 []


Overfull \hbox (9.6222pt too wide) in paragraph at lines 7--9
\JY2/mc/m/n/10 く
 []


Overfull \hbox (9.6222pt too wide) in paragraph at lines 7--9
\JY2/mc/m/n/10 利
 []


Overfull \hbox (9.6222pt too wide) in paragraph at lines 7--9
\JY2/mc/m/n/10 用
 []


Overfull \hbox (9.6222pt too wide) in paragraph at lines 7--9
\JY2/mc/m/n/10 さ
 []


Overfull \hbox (9.6222pt too wide) in paragraph at lines 7--9
\JY2/mc/m/n/10 れ
 []


Overfull \hbox (9.6222pt too wide) in paragraph at lines 7--9
\JY2/mc/m/n/10 る
 []


Overfull \hbox (9.6222pt too wide) in paragraph at lines 7--9
\JY2/mc/m/n/10 よ
 []


Overfull \hbox (9.6222pt too wide) in paragraph at lines 7--9
\JY2/mc/m/n/10 う
 []


Overfull \hbox (9.6222pt too wide) in paragraph at lines 7--9
\JY2/mc/m/n/10 に
 []


Overfull \hbox (9.6222pt too wide) in paragraph at lines 7--9
\JY2/mc/m/n/10 な
 []


Overfull \hbox (9.6222pt too wide) in paragraph at lines 7--9
\JY2/mc/m/n/10 っ
 []


Overfull \hbox (12.39998pt too wide) in paragraph at lines 7--9
\JY2/mc/m/n/10 た\OT1/cmr/m/n/10 .
 []


Overfull \hbox (9.6222pt too wide) in paragraph at lines 7--9
\JY2/mc/m/n/10 具
 []


Overfull \hbox (9.6222pt too wide) in paragraph at lines 7--9
\JY2/mc/m/n/10 体
 []


Overfull \hbox (9.6222pt too wide) in paragraph at lines 7--9
\JY2/mc/m/n/10 例
 []


Overfull \hbox (9.6222pt too wide) in paragraph at lines 7--9
\JY2/mc/m/n/10 と
 []


Overfull \hbox (9.6222pt too wide) in paragraph at lines 7--9
\JY2/mc/m/n/10 し
 []


Overfull \hbox (9.6222pt too wide) in paragraph at lines 7--9
\JY2/mc/m/n/10 て
 []


Overfull \hbox (11.25002pt too wide) in paragraph at lines 7--9
\OT1/cmr/m/n/10 ID
 []


Overfull \hbox (9.6222pt too wide) in paragraph at lines 7--9
\JY2/mc/m/n/10 を
 []


Overfull \hbox (9.6222pt too wide) in paragraph at lines 7--9
\JY2/mc/m/n/10 公
 []


Overfull \hbox (9.6222pt too wide) in paragraph at lines 7--9
\JY2/mc/m/n/10 開
 []


Overfull \hbox (9.6222pt too wide) in paragraph at lines 7--9
\JY2/mc/m/n/10 鍵
 []


Overfull \hbox (9.6222pt too wide) in paragraph at lines 7--9
\JY2/mc/m/n/10 と
 []


Overfull \hbox (9.6222pt too wide) in paragraph at lines 7--9
\JY2/mc/m/n/10 し
 []


Overfull \hbox (9.6222pt too wide) in paragraph at lines 7--9
\JY2/mc/m/n/10 て
 []


Overfull \hbox (9.6222pt too wide) in paragraph at lines 7--9
\JY2/mc/m/n/10 利
 []


Overfull \hbox (9.6222pt too wide) in paragraph at lines 7--9
\JY2/mc/m/n/10 用
 []


Overfull \hbox (9.6222pt too wide) in paragraph at lines 7--9
\JY2/mc/m/n/10 可
 []


Overfull \hbox (9.6222pt too wide) in paragraph at lines 7--9
\JY2/mc/m/n/10 能
 []


Overfull \hbox (9.6222pt too wide) in paragraph at lines 7--9
\JY2/mc/m/n/10 な
 []


Overfull \hbox (22.50003pt too wide) in paragraph at lines 7--9
\OT1/cmr/m/n/10 Iden-
 []


Overfull \hbox (15.5556pt too wide) in paragraph at lines 7--9
\OT1/cmr/m/n/10 tity
 []


Overfull \hbox (26.02783pt too wide) in paragraph at lines 7--9
\OT1/cmr/m/n/10 Based
 []


Overfull \hbox (15.69447pt too wide) in paragraph at lines 7--9
\OT1/cmr/m/n/10 En-
 []


Overfull \hbox (22.52782pt too wide) in paragraph at lines 7--9
\OT1/cmr/m/n/10 cryp-
 []


Overfull \hbox (20.00006pt too wide) in paragraph at lines 7--9
\OT1/cmr/m/n/10 tion,
 []


Overfull \hbox (9.6222pt too wide) in paragraph at lines 7--9
\JY2/mc/m/n/10 既
 []


Overfull \hbox (9.6222pt too wide) in paragraph at lines 7--9
\JY2/mc/m/n/10 存
 []


Overfull \hbox (9.6222pt too wide) in paragraph at lines 7--9
\JY2/mc/m/n/10 方
 []


Overfull \hbox (9.6222pt too wide) in paragraph at lines 7--9
\JY2/mc/m/n/10 式
 []


Overfull \hbox (9.6222pt too wide) in paragraph at lines 7--9
\JY2/mc/m/n/10 よ
 []


Overfull \hbox (9.6222pt too wide) in paragraph at lines 7--9
\JY2/mc/m/n/10 り
 []


Overfull \hbox (9.6222pt too wide) in paragraph at lines 7--9
\JY2/mc/m/n/10 短
 []


Overfull \hbox (9.6222pt too wide) in paragraph at lines 7--9
\JY2/mc/m/n/10 い
 []


Overfull \hbox (9.6222pt too wide) in paragraph at lines 7--9
\JY2/mc/m/n/10 署
 []


Overfull \hbox (9.6222pt too wide) in paragraph at lines 7--9
\JY2/mc/m/n/10 名
 []


Overfull \hbox (9.6222pt too wide) in paragraph at lines 7--9
\JY2/mc/m/n/10 長
 []


Overfull \hbox (9.6222pt too wide) in paragraph at lines 7--9
\JY2/mc/m/n/10 で
 []


Overfull \hbox (9.6222pt too wide) in paragraph at lines 7--9
\JY2/mc/m/n/10 済
 []


Overfull \hbox (9.6222pt too wide) in paragraph at lines 7--9
\JY2/mc/m/n/10 む
 []


Overfull \hbox (23.91673pt too wide) in paragraph at lines 7--9
\OT1/cmr/m/n/10 Short
 []


Overfull \hbox (16.6667pt too wide) in paragraph at lines 7--9
\OT1/cmr/m/n/10 Sig-
 []


Overfull \hbox (13.88892pt too wide) in paragraph at lines 7--9
\OT1/cmr/m/n/10 na-
 []


Overfull \hbox (17.80559pt too wide) in paragraph at lines 7--9
\OT1/cmr/m/n/10 ture
 []


Overfull \hbox (9.6222pt too wide) in paragraph at lines 7--9
\JY2/mc/m/n/10 な
 []


Overfull \hbox (9.6222pt too wide) in paragraph at lines 7--9
\JY2/mc/m/n/10 ど
 []


Overfull \hbox (9.6222pt too wide) in paragraph at lines 7--9
\JY2/mc/m/n/10 が
 []


Overfull \hbox (9.6222pt too wide) in paragraph at lines 7--9
\JY2/mc/m/n/10 あ
 []


Overfull \hbox (12.39998pt too wide) in paragraph at lines 7--9
\JY2/mc/m/n/10 り\OT1/cmr/m/n/10 ,
 []


Overfull \hbox (9.6222pt too wide) in paragraph at lines 7--9
\JY2/mc/m/n/10 従
 []


Overfull \hbox (9.6222pt too wide) in paragraph at lines 7--9
\JY2/mc/m/n/10 来
 []


Overfull \hbox (9.6222pt too wide) in paragraph at lines 7--9
\JY2/mc/m/n/10 に
 []


Overfull \hbox (9.6222pt too wide) in paragraph at lines 7--9
\JY2/mc/m/n/10 な
 []


Overfull \hbox (9.6222pt too wide) in paragraph at lines 7--9
\JY2/mc/m/n/10 い
 []


Overfull \hbox (9.6222pt too wide) in paragraph at lines 7--9
\JY2/mc/m/n/10 特
 []


Overfull \hbox (9.6222pt too wide) in paragraph at lines 7--9
\JY2/mc/m/n/10 性
 []


Overfull \hbox (9.6222pt too wide) in paragraph at lines 7--9
\JY2/mc/m/n/10 を
 []


Overfull \hbox (9.6222pt too wide) in paragraph at lines 7--9
\JY2/mc/m/n/10 有
 []


Overfull \hbox (9.6222pt too wide) in paragraph at lines 7--9
\JY2/mc/m/n/10 す
 []


Overfull \hbox (9.6222pt too wide) in paragraph at lines 7--9
\JY2/mc/m/n/10 る
 []


Overfull \hbox (9.6222pt too wide) in paragraph at lines 7--9
\JY2/mc/m/n/10 プ
 []


Overfull \hbox (9.6222pt too wide) in paragraph at lines 7--9
\JY2/mc/m/n/10 ロ
 []


Overfull \hbox (9.6222pt too wide) in paragraph at lines 7--9
\JY2/mc/m/n/10 ト
 []


Overfull \hbox (9.6222pt too wide) in paragraph at lines 7--9
\JY2/mc/m/n/10 コ
 []


Overfull \hbox (9.6222pt too wide) in paragraph at lines 7--9
\JY2/mc/m/n/10 ル
 []


Overfull \hbox (9.6222pt too wide) in paragraph at lines 7--9
\JY2/mc/m/n/10 を
 []


Overfull \hbox (9.6222pt too wide) in paragraph at lines 7--9
\JY2/mc/m/n/10 構
 []


Overfull \hbox (9.6222pt too wide) in paragraph at lines 7--9
\JY2/mc/m/n/10 成
 []


Overfull \hbox (9.6222pt too wide) in paragraph at lines 7--9
\JY2/mc/m/n/10 す
 []


Overfull \hbox (9.6222pt too wide) in paragraph at lines 7--9
\JY2/mc/m/n/10 る
 []


Overfull \hbox (9.6222pt too wide) in paragraph at lines 7--9
\JY2/mc/m/n/10 こ
 []


Overfull \hbox (9.6222pt too wide) in paragraph at lines 7--9
\JY2/mc/m/n/10 と
 []


Overfull \hbox (9.6222pt too wide) in paragraph at lines 7--9
\JY2/mc/m/n/10 が
 []


Overfull \hbox (9.6222pt too wide) in paragraph at lines 7--9
\JY2/mc/m/n/10 可
 []


Overfull \hbox (9.6222pt too wide) in paragraph at lines 7--9
\JY2/mc/m/n/10 能
 []


Overfull \hbox (9.6222pt too wide) in paragraph at lines 7--9
\JY2/mc/m/n/10 で
 []


Overfull \hbox (9.6222pt too wide) in paragraph at lines 7--9
\JY2/mc/m/n/10 あ
 []


Overfull \hbox (12.39998pt too wide) in paragraph at lines 7--9
\JY2/mc/m/n/10 る\OT1/cmr/m/n/10 .
 []


Overfull \hbox (9.6222pt too wide) in paragraph at lines 7--9
\JY2/mc/m/n/10 し
 []


Overfull \hbox (9.6222pt too wide) in paragraph at lines 7--9
\JY2/mc/m/n/10 か
 []


Overfull \hbox (12.39998pt too wide) in paragraph at lines 7--9
\JY2/mc/m/n/10 し\OT1/cmr/m/n/10 ,
 []


Overfull \hbox (9.6222pt too wide) in paragraph at lines 7--9
\JY2/mc/m/n/10 主
 []


Overfull \hbox (9.6222pt too wide) in paragraph at lines 7--9
\JY2/mc/m/n/10 要
 []


Overfull \hbox (9.6222pt too wide) in paragraph at lines 7--9
\JY2/mc/m/n/10 な
 []


Overfull \hbox (9.6222pt too wide) in paragraph at lines 7--9
\JY2/mc/m/n/10 暗
 []


Overfull \hbox (9.6222pt too wide) in paragraph at lines 7--9
\JY2/mc/m/n/10 号
 []


Overfull \hbox (9.6222pt too wide) in paragraph at lines 7--9
\JY2/mc/m/n/10 要
 []


Overfull \hbox (9.6222pt too wide) in paragraph at lines 7--9
\JY2/mc/m/n/10 素
 []


Overfull \hbox (9.6222pt too wide) in paragraph at lines 7--9
\JY2/mc/m/n/10 技
 []


Overfull \hbox (9.6222pt too wide) in paragraph at lines 7--9
\JY2/mc/m/n/10 術
 []


Overfull \hbox (9.6222pt too wide) in paragraph at lines 7--9
\JY2/mc/m/n/10 と
 []


Overfull \hbox (9.6222pt too wide) in paragraph at lines 7--9
\JY2/mc/m/n/10 比
 []


Overfull \hbox (9.6222pt too wide) in paragraph at lines 7--9
\JY2/mc/m/n/10 較
 []


Overfull \hbox (9.6222pt too wide) in paragraph at lines 7--9
\JY2/mc/m/n/10 し
 []


Overfull \hbox (9.6222pt too wide) in paragraph at lines 7--9
\JY2/mc/m/n/10 て
 []


Overfull \hbox (9.6222pt too wide) in paragraph at lines 7--9
\JY2/mc/m/n/10 計
 []


Overfull \hbox (9.6222pt too wide) in paragraph at lines 7--9
\JY2/mc/m/n/10 算
 []


Overfull \hbox (9.6222pt too wide) in paragraph at lines 7--9
\JY2/mc/m/n/10 コ
 []


Overfull \hbox (9.6222pt too wide) in paragraph at lines 7--9
\JY2/mc/m/n/10 ス
 []


Overfull \hbox (9.6222pt too wide) in paragraph at lines 7--9
\JY2/mc/m/n/10 ト
 []


Overfull \hbox (9.6222pt too wide) in paragraph at lines 7--9
\JY2/mc/m/n/10 が
 []


Overfull \hbox (9.6222pt too wide) in paragraph at lines 7--9
\JY2/mc/m/n/10 大
 []


Overfull \hbox (9.6222pt too wide) in paragraph at lines 7--9
\JY2/mc/m/n/10 き
 []


Overfull \hbox (12.39998pt too wide) in paragraph at lines 7--9
\JY2/mc/m/n/10 く\OT1/cmr/m/n/10 ,
 []


Overfull \hbox (9.6222pt too wide) in paragraph at lines 7--9
\JY2/mc/m/n/10 効
 []


Overfull \hbox (9.6222pt too wide) in paragraph at lines 7--9
\JY2/mc/m/n/10 率
 []


Overfull \hbox (9.6222pt too wide) in paragraph at lines 7--9
\JY2/mc/m/n/10 的
 []


Overfull \hbox (9.6222pt too wide) in paragraph at lines 7--9
\JY2/mc/m/n/10 な
 []


Overfull \hbox (9.6222pt too wide) in paragraph at lines 7--9
\JY2/mc/m/n/10 演
 []


Overfull \hbox (9.6222pt too wide) in paragraph at lines 7--9
\JY2/mc/m/n/10 算
 []


Overfull \hbox (9.6222pt too wide) in paragraph at lines 7--9
\JY2/mc/m/n/10 ア
 []


Overfull \hbox (9.6222pt too wide) in paragraph at lines 7--9
\JY2/mc/m/n/10 ル
 []


Overfull \hbox (9.6222pt too wide) in paragraph at lines 7--9
\JY2/mc/m/n/10 ゴ
 []


Overfull \hbox (9.6222pt too wide) in paragraph at lines 7--9
\JY2/mc/m/n/10 リ
 []


Overfull \hbox (9.6222pt too wide) in paragraph at lines 7--9
\JY2/mc/m/n/10 ズ
 []


Overfull \hbox (9.6222pt too wide) in paragraph at lines 7--9
\JY2/mc/m/n/10 ム
 []


Overfull \hbox (9.6222pt too wide) in paragraph at lines 7--9
\JY2/mc/m/n/10 が
 []


Overfull \hbox (9.6222pt too wide) in paragraph at lines 7--9
\JY2/mc/m/n/10 求
 []


Overfull \hbox (9.6222pt too wide) in paragraph at lines 7--9
\JY2/mc/m/n/10 め
 []


Overfull \hbox (9.6222pt too wide) in paragraph at lines 7--9
\JY2/mc/m/n/10 ら
 []


Overfull \hbox (9.6222pt too wide) in paragraph at lines 7--9
\JY2/mc/m/n/10 れ
 []


Overfull \hbox (9.6222pt too wide) in paragraph at lines 7--9
\JY2/mc/m/n/10 て
 []


Overfull \hbox (9.6222pt too wide) in paragraph at lines 7--9
\JY2/mc/m/n/10 い
 []


Overfull \hbox (12.39998pt too wide) in paragraph at lines 7--9
\JY2/mc/m/n/10 る\OT1/cmr/m/n/10 . 
 []


./01_intro.tex:12: LaTeX Error: Missing \begin{document}.

See the LaTeX manual or LaTeX Companion for explanation.
Type  H <return>  for immediate help.
 ...                                              
                                                  
l.12 ペ
        アリングの演算方法として,Millerアルゴリズムが一...
You're in trouble here.  Try typing  <return>  to proceed.
If that doesn't work, type  X <return>  to quit.


Overfull \hbox (29.6222pt too wide) in paragraph at lines 12--15
[]\JY2/mc/m/n/10 ペ
 []


Overfull \hbox (9.6222pt too wide) in paragraph at lines 12--15
\JY2/mc/m/n/10 ア
 []


Overfull \hbox (9.6222pt too wide) in paragraph at lines 12--15
\JY2/mc/m/n/10 リ
 []


Overfull \hbox (9.6222pt too wide) in paragraph at lines 12--15
\JY2/mc/m/n/10 ン
 []


Overfull \hbox (9.6222pt too wide) in paragraph at lines 12--15
\JY2/mc/m/n/10 グ
 []


Overfull \hbox (9.6222pt too wide) in paragraph at lines 12--15
\JY2/mc/m/n/10 の
 []


Overfull \hbox (9.6222pt too wide) in paragraph at lines 12--15
\JY2/mc/m/n/10 演
 []


Overfull \hbox (9.6222pt too wide) in paragraph at lines 12--15
\JY2/mc/m/n/10 算
 []


Overfull \hbox (9.6222pt too wide) in paragraph at lines 12--15
\JY2/mc/m/n/10 方
 []


Overfull \hbox (9.6222pt too wide) in paragraph at lines 12--15
\JY2/mc/m/n/10 法
 []


Overfull \hbox (9.6222pt too wide) in paragraph at lines 12--15
\JY2/mc/m/n/10 と
 []


Overfull \hbox (9.6222pt too wide) in paragraph at lines 12--15
\JY2/mc/m/n/10 し
 []


Overfull \hbox (38.26114pt too wide) in paragraph at lines 12--15
\JY2/mc/m/n/10 て\OT1/cmr/m/n/10 ,Miller
 []


Overfull \hbox (9.6222pt too wide) in paragraph at lines 12--15
\JY2/mc/m/n/10 ア
 []


Overfull \hbox (9.6222pt too wide) in paragraph at lines 12--15
\JY2/mc/m/n/10 ル
 []


Overfull \hbox (9.6222pt too wide) in paragraph at lines 12--15
\JY2/mc/m/n/10 ゴ
 []


Overfull \hbox (9.6222pt too wide) in paragraph at lines 12--15
\JY2/mc/m/n/10 リ
 []


Overfull \hbox (9.6222pt too wide) in paragraph at lines 12--15
\JY2/mc/m/n/10 ズ
 []


Overfull \hbox (9.6222pt too wide) in paragraph at lines 12--15
\JY2/mc/m/n/10 ム
 []


Overfull \hbox (9.6222pt too wide) in paragraph at lines 12--15
\JY2/mc/m/n/10 が
 []


Overfull \hbox (9.6222pt too wide) in paragraph at lines 12--15
\JY2/mc/m/n/10 一
 []


Overfull \hbox (9.6222pt too wide) in paragraph at lines 12--15
\JY2/mc/m/n/10 般
 []


Overfull \hbox (9.6222pt too wide) in paragraph at lines 12--15
\JY2/mc/m/n/10 的
 []


Overfull \hbox (9.6222pt too wide) in paragraph at lines 12--15
\JY2/mc/m/n/10 に
 []


Overfull \hbox (9.6222pt too wide) in paragraph at lines 12--15
\JY2/mc/m/n/10 知
 []


Overfull \hbox (9.6222pt too wide) in paragraph at lines 12--15
\JY2/mc/m/n/10 ら
 []


Overfull \hbox (9.6222pt too wide) in paragraph at lines 12--15
\JY2/mc/m/n/10 れ
 []


Overfull \hbox (9.6222pt too wide) in paragraph at lines 12--15
\JY2/mc/m/n/10 て
 []


Overfull \hbox (9.6222pt too wide) in paragraph at lines 12--15
\JY2/mc/m/n/10 い
 []


Overfull \hbox (13.93329pt too wide) in paragraph at lines 12--15
\JY2/mc/m/n/10 る 。
 []


Overfull \hbox (9.6222pt too wide) in paragraph at lines 12--15
\JY2/mc/m/n/10 こ
 []


Overfull \hbox (9.6222pt too wide) in paragraph at lines 12--15
\JY2/mc/m/n/10 の
 []


Overfull \hbox (9.6222pt too wide) in paragraph at lines 12--15
\JY2/mc/m/n/10 ア
 []


Overfull \hbox (9.6222pt too wide) in paragraph at lines 12--15
\JY2/mc/m/n/10 ル
 []


Overfull \hbox (9.6222pt too wide) in paragraph at lines 12--15
\JY2/mc/m/n/10 ゴ
 []


Overfull \hbox (9.6222pt too wide) in paragraph at lines 12--15
\JY2/mc/m/n/10 リ
 []


Overfull \hbox (9.6222pt too wide) in paragraph at lines 12--15
\JY2/mc/m/n/10 ズ
 []


Overfull \hbox (9.6222pt too wide) in paragraph at lines 12--15
\JY2/mc/m/n/10 ム
 []


Overfull \hbox (9.6222pt too wide) in paragraph at lines 12--15
\JY2/mc/m/n/10 を
 []


Overfull \hbox (9.6222pt too wide) in paragraph at lines 12--15
\JY2/mc/m/n/10 用
 []


Overfull \hbox (9.6222pt too wide) in paragraph at lines 12--15
\JY2/mc/m/n/10 い
 []


Overfull \hbox (9.6222pt too wide) in paragraph at lines 12--15
\JY2/mc/m/n/10 て
 []


Overfull \hbox (20.58337pt too wide) in paragraph at lines 12--15
\OT1/cmr/m/n/10 pair-
 []


Overfull \hbox (13.33337pt too wide) in paragraph at lines 12--15
\OT1/cmr/m/n/10 ing
 []


Overfull \hbox (9.6222pt too wide) in paragraph at lines 12--15
\JY2/mc/m/n/10 演
 []


Overfull \hbox (9.6222pt too wide) in paragraph at lines 12--15
\JY2/mc/m/n/10 算
 []


Overfull \hbox (9.6222pt too wide) in paragraph at lines 12--15
\JY2/mc/m/n/10 を
 []


Overfull \hbox (9.6222pt too wide) in paragraph at lines 12--15
\JY2/mc/m/n/10 実
 []


Overfull \hbox (9.6222pt too wide) in paragraph at lines 12--15
\JY2/mc/m/n/10 装
 []


Overfull \hbox (9.6222pt too wide) in paragraph at lines 12--15
\JY2/mc/m/n/10 す
 []


Overfull \hbox (9.6222pt too wide) in paragraph at lines 12--15
\JY2/mc/m/n/10 る
 []


Overfull \hbox (12.39998pt too wide) in paragraph at lines 12--15
\JY2/mc/m/n/10 と\OT1/cmr/m/n/10 ,
 []


Overfull \hbox (9.6222pt too wide) in paragraph at lines 12--15
\JY2/mc/m/n/10 通
 []


Overfull \hbox (9.6222pt too wide) in paragraph at lines 12--15
\JY2/mc/m/n/10 常
 []


Overfull \hbox (9.6222pt too wide) in paragraph at lines 12--15
\JY2/mc/m/n/10 の
 []


Overfull \hbox (9.6222pt too wide) in paragraph at lines 12--15
\JY2/mc/m/n/10 楕
 []


Overfull \hbox (9.6222pt too wide) in paragraph at lines 12--15
\JY2/mc/m/n/10 円
 []


Overfull \hbox (9.6222pt too wide) in paragraph at lines 12--15
\JY2/mc/m/n/10 ス
 []


Overfull \hbox (9.6222pt too wide) in paragraph at lines 12--15
\JY2/mc/m/n/10 カ
 []


Overfull \hbox (18.74438pt too wide) in paragraph at lines 12--15
\JY2/mc/m/n/10 ラ ー
 []


Overfull \hbox (9.6222pt too wide) in paragraph at lines 12--15
\JY2/mc/m/n/10 倍
 []


Overfull \hbox (9.6222pt too wide) in paragraph at lines 12--15
\JY2/mc/m/n/10 演
 []


Overfull \hbox (9.6222pt too wide) in paragraph at lines 12--15
\JY2/mc/m/n/10 算
 []


Overfull \hbox (9.6222pt too wide) in paragraph at lines 12--15
\JY2/mc/m/n/10 な
 []


Overfull \hbox (9.6222pt too wide) in paragraph at lines 12--15
\JY2/mc/m/n/10 ど
 []


Overfull \hbox (9.6222pt too wide) in paragraph at lines 12--15
\JY2/mc/m/n/10 に
 []


Overfull \hbox (9.6222pt too wide) in paragraph at lines 12--15
\JY2/mc/m/n/10 比
 []


Overfull \hbox (9.6222pt too wide) in paragraph at lines 12--15
\JY2/mc/m/n/10 較
 []


Overfull \hbox (9.6222pt too wide) in paragraph at lines 12--15
\JY2/mc/m/n/10 し
 []


Overfull \hbox (9.6222pt too wide) in paragraph at lines 12--15
\JY2/mc/m/n/10 て
 []


Overfull \hbox (9.6222pt too wide) in paragraph at lines 12--15
\JY2/mc/m/n/10 演
 []


Overfull \hbox (9.6222pt too wide) in paragraph at lines 12--15
\JY2/mc/m/n/10 算
 []


Overfull \hbox (9.6222pt too wide) in paragraph at lines 12--15
\JY2/mc/m/n/10 量
 []


Overfull \hbox (9.6222pt too wide) in paragraph at lines 12--15
\JY2/mc/m/n/10 が
 []


Overfull \hbox (9.6222pt too wide) in paragraph at lines 12--15
\JY2/mc/m/n/10 多
 []


Overfull \hbox (9.6222pt too wide) in paragraph at lines 12--15
\JY2/mc/m/n/10 い
 []


Overfull \hbox (9.6222pt too wide) in paragraph at lines 12--15
\JY2/mc/m/n/10 た
 []


Overfull \hbox (12.39998pt too wide) in paragraph at lines 12--15
\JY2/mc/m/n/10 め\OT1/cmr/m/n/10 ,
 []


Overfull \hbox (9.6222pt too wide) in paragraph at lines 12--15
\JY2/mc/m/n/10 速
 []


Overfull \hbox (9.6222pt too wide) in paragraph at lines 12--15
\JY2/mc/m/n/10 度
 []


Overfull \hbox (9.6222pt too wide) in paragraph at lines 12--15
\JY2/mc/m/n/10 が
 []


Overfull \hbox (9.6222pt too wide) in paragraph at lines 12--15
\JY2/mc/m/n/10 遅
 []


Overfull \hbox (9.6222pt too wide) in paragraph at lines 12--15
\JY2/mc/m/n/10 く
 []


Overfull \hbox (9.6222pt too wide) in paragraph at lines 12--15
\JY2/mc/m/n/10 な
 []


Overfull \hbox (9.6222pt too wide) in paragraph at lines 12--15
\JY2/mc/m/n/10 る
 []


Overfull \hbox (9.6222pt too wide) in paragraph at lines 12--15
\JY2/mc/m/n/10 こ
 []


Overfull \hbox (9.6222pt too wide) in paragraph at lines 12--15
\JY2/mc/m/n/10 と
 []


Overfull \hbox (9.6222pt too wide) in paragraph at lines 12--15
\JY2/mc/m/n/10 が
 []


Overfull \hbox (9.6222pt too wide) in paragraph at lines 12--15
\JY2/mc/m/n/10 問
 []


Overfull \hbox (9.6222pt too wide) in paragraph at lines 12--15
\JY2/mc/m/n/10 題
 []


Overfull \hbox (9.6222pt too wide) in paragraph at lines 12--15
\JY2/mc/m/n/10 と
 []


Overfull \hbox (9.6222pt too wide) in paragraph at lines 12--15
\JY2/mc/m/n/10 な
 []


Overfull \hbox (13.93329pt too wide) in paragraph at lines 12--15
\JY2/mc/m/n/10 る 。
 []


Overfull \hbox (9.6222pt too wide) in paragraph at lines 12--15
\JY2/mc/m/n/10 こ
 []


Overfull \hbox (9.6222pt too wide) in paragraph at lines 12--15
\JY2/mc/m/n/10 の
 []


Overfull \hbox (9.6222pt too wide) in paragraph at lines 12--15
\JY2/mc/m/n/10 た
 []


Overfull \hbox (38.26114pt too wide) in paragraph at lines 12--15
\JY2/mc/m/n/10 め\OT1/cmr/m/n/10 ,Miller
 []


Overfull \hbox (9.6222pt too wide) in paragraph at lines 12--15
\JY2/mc/m/n/10 の
 []


Overfull \hbox (9.6222pt too wide) in paragraph at lines 12--15
\JY2/mc/m/n/10 ア
 []


Overfull \hbox (9.6222pt too wide) in paragraph at lines 12--15
\JY2/mc/m/n/10 ル
 []


Overfull \hbox (9.6222pt too wide) in paragraph at lines 12--15
\JY2/mc/m/n/10 ゴ
 []


Overfull \hbox (9.6222pt too wide) in paragraph at lines 12--15
\JY2/mc/m/n/10 リ
 []


Overfull \hbox (9.6222pt too wide) in paragraph at lines 12--15
\JY2/mc/m/n/10 ズ
 []


Overfull \hbox (9.6222pt too wide) in paragraph at lines 12--15
\JY2/mc/m/n/10 ム
 []


Overfull \hbox (9.6222pt too wide) in paragraph at lines 12--15
\JY2/mc/m/n/10 の
 []


Overfull \hbox (9.6222pt too wide) in paragraph at lines 12--15
\JY2/mc/m/n/10 高
 []


Overfull \hbox (9.6222pt too wide) in paragraph at lines 12--15
\JY2/mc/m/n/10 速
 []


Overfull \hbox (9.6222pt too wide) in paragraph at lines 12--15
\JY2/mc/m/n/10 実
 []


Overfull \hbox (9.6222pt too wide) in paragraph at lines 12--15
\JY2/mc/m/n/10 装
 []


Overfull \hbox (9.6222pt too wide) in paragraph at lines 12--15
\JY2/mc/m/n/10 法
 []


Overfull \hbox (9.6222pt too wide) in paragraph at lines 12--15
\JY2/mc/m/n/10 の
 []


Overfull \hbox (9.6222pt too wide) in paragraph at lines 12--15
\JY2/mc/m/n/10 研
 []


Overfull \hbox (9.6222pt too wide) in paragraph at lines 12--15
\JY2/mc/m/n/10 究
 []


Overfull \hbox (9.6222pt too wide) in paragraph at lines 12--15
\JY2/mc/m/n/10 が
 []


Overfull \hbox (9.6222pt too wide) in paragraph at lines 12--15
\JY2/mc/m/n/10 盛
 []


Overfull \hbox (9.6222pt too wide) in paragraph at lines 12--15
\JY2/mc/m/n/10 ん
 []


Overfull \hbox (9.6222pt too wide) in paragraph at lines 12--15
\JY2/mc/m/n/10 に
 []


Overfull \hbox (9.6222pt too wide) in paragraph at lines 12--15
\JY2/mc/m/n/10 行
 []


Overfull \hbox (9.6222pt too wide) in paragraph at lines 12--15
\JY2/mc/m/n/10 わ
 []


Overfull \hbox (9.6222pt too wide) in paragraph at lines 12--15
\JY2/mc/m/n/10 れ
 []


Overfull \hbox (9.6222pt too wide) in paragraph at lines 12--15
\JY2/mc/m/n/10 て
 []


Overfull \hbox (9.6222pt too wide) in paragraph at lines 12--15
\JY2/mc/m/n/10 い
 []


Overfull \hbox (13.93329pt too wide) in paragraph at lines 12--15
\JY2/mc/m/n/10 る 。
 []


Overfull \hbox (9.6222pt too wide) in paragraph at lines 12--15
\JY2/mc/m/n/10 こ
 []


Overfull \hbox (9.6222pt too wide) in paragraph at lines 12--15
\JY2/mc/m/n/10 れ
 []


Overfull \hbox (9.6222pt too wide) in paragraph at lines 12--15
\JY2/mc/m/n/10 ら
 []


Overfull \hbox (9.6222pt too wide) in paragraph at lines 12--15
\JY2/mc/m/n/10 の
 []


Overfull \hbox (9.6222pt too wide) in paragraph at lines 12--15
\JY2/mc/m/n/10 既
 []


Overfull \hbox (9.6222pt too wide) in paragraph at lines 12--15
\JY2/mc/m/n/10 存
 []


Overfull \hbox (9.6222pt too wide) in paragraph at lines 12--15
\JY2/mc/m/n/10 研
 []


Overfull \hbox (9.6222pt too wide) in paragraph at lines 12--15
\JY2/mc/m/n/10 究
 []


Overfull \hbox (9.6222pt too wide) in paragraph at lines 12--15
\JY2/mc/m/n/10 と
 []


Overfull \hbox (9.6222pt too wide) in paragraph at lines 12--15
\JY2/mc/m/n/10 し
 []


Overfull \hbox (9.6222pt too wide) in paragraph at lines 12--15
\JY2/mc/m/n/10 て
 []


Overfull \hbox (26.66675pt too wide) in paragraph at lines 12--15
\OT1/cmr/m/n/10 BKLS
 []


Overfull \hbox (13.61113pt too wide) in paragraph at lines 12--15
\OT1/cmr/m/n/10 Al-
 []


Overfull \hbox (13.33336pt too wide) in paragraph at lines 12--15
\OT1/cmr/m/n/10 go-
 []


Overfull \hbox (24.47229pt too wide) in paragraph at lines 12--15
\OT1/cmr/m/n/10 rithm
 []


Overfull \hbox (9.6222pt too wide) in paragraph at lines 12--15
\JY2/mc/m/n/10 に
 []


Overfull \hbox (9.6222pt too wide) in paragraph at lines 12--15
\JY2/mc/m/n/10 加
 []


Overfull \hbox (31.2889pt too wide) in paragraph at lines 12--15
\JY2/mc/m/n/10 え\OT1/cmr/m/n/10 ,win-
 []


Overfull \hbox (17.50003pt too wide) in paragraph at lines 12--15
\OT1/cmr/m/n/10 dow
 []


Overfull \hbox (9.6222pt too wide) in paragraph at lines 12--15
\JY2/mc/m/n/10 法
 []


Overfull \hbox (9.6222pt too wide) in paragraph at lines 12--15
\JY2/mc/m/n/10 と
 []


Overfull \hbox (9.6222pt too wide) in paragraph at lines 12--15
\JY2/mc/m/n/10 呼
 []


Overfull \hbox (9.6222pt too wide) in paragraph at lines 12--15
\JY2/mc/m/n/10 ば
 []


Overfull \hbox (9.6222pt too wide) in paragraph at lines 12--15
\JY2/mc/m/n/10 れ
 []


Overfull \hbox (9.6222pt too wide) in paragraph at lines 12--15
\JY2/mc/m/n/10 れ
 []


Overfull \hbox (12.39998pt too wide) in paragraph at lines 12--15
\JY2/mc/m/n/10 る\OT1/cmr/m/n/10 ,
 []


Overfull \hbox (9.6222pt too wide) in paragraph at lines 12--15
\JY2/mc/m/n/10 楕
 []


Overfull \hbox (9.6222pt too wide) in paragraph at lines 12--15
\JY2/mc/m/n/10 円
 []


Overfull \hbox (9.6222pt too wide) in paragraph at lines 12--15
\JY2/mc/m/n/10 曲
 []


Overfull \hbox (9.6222pt too wide) in paragraph at lines 12--15
\JY2/mc/m/n/10 線
 []


Overfull \hbox (9.6222pt too wide) in paragraph at lines 12--15
\JY2/mc/m/n/10 上
 []


Overfull \hbox (9.6222pt too wide) in paragraph at lines 12--15
\JY2/mc/m/n/10 の
 []


Overfull \hbox (9.6222pt too wide) in paragraph at lines 12--15
\JY2/mc/m/n/10 ス
 []


Overfull \hbox (9.6222pt too wide) in paragraph at lines 12--15
\JY2/mc/m/n/10 カ
 []


Overfull \hbox (9.6222pt too wide) in paragraph at lines 12--15
\JY2/mc/m/n/10 ラ
 []


Overfull \hbox (9.6222pt too wide) in paragraph at lines 12--15
\JY2/mc/m/n/10 倍
 []


Overfull \hbox (9.6222pt too wide) in paragraph at lines 12--15
\JY2/mc/m/n/10 演
 []


Overfull \hbox (9.6222pt too wide) in paragraph at lines 12--15
\JY2/mc/m/n/10 算
 []


Overfull \hbox (9.6222pt too wide) in paragraph at lines 12--15
\JY2/mc/m/n/10 を
 []


Overfull \hbox (9.6222pt too wide) in paragraph at lines 12--15
\JY2/mc/m/n/10 高
 []


Overfull \hbox (9.6222pt too wide) in paragraph at lines 12--15
\JY2/mc/m/n/10 速
 []


Overfull \hbox (9.6222pt too wide) in paragraph at lines 12--15
\JY2/mc/m/n/10 化
 []


Overfull \hbox (9.6222pt too wide) in paragraph at lines 12--15
\JY2/mc/m/n/10 さ
 []


Overfull \hbox (9.6222pt too wide) in paragraph at lines 12--15
\JY2/mc/m/n/10 せ
 []


Overfull \hbox (9.6222pt too wide) in paragraph at lines 12--15
\JY2/mc/m/n/10 る
 []


Overfull \hbox (9.6222pt too wide) in paragraph at lines 12--15
\JY2/mc/m/n/10 手
 []


Overfull \hbox (9.6222pt too wide) in paragraph at lines 12--15
\JY2/mc/m/n/10 法
 []


Overfull \hbox (9.6222pt too wide) in paragraph at lines 12--15
\JY2/mc/m/n/10 と
 []


Overfull \hbox (25.86116pt too wide) in paragraph at lines 12--15
\OT1/cmr/m/n/10 Miller
 []


Overfull \hbox (9.6222pt too wide) in paragraph at lines 12--15
\JY2/mc/m/n/10 の
 []


Overfull \hbox (9.6222pt too wide) in paragraph at lines 12--15
\JY2/mc/m/n/10 ア
 []


Overfull \hbox (9.6222pt too wide) in paragraph at lines 12--15
\JY2/mc/m/n/10 ル
 []


Overfull \hbox (9.6222pt too wide) in paragraph at lines 12--15
\JY2/mc/m/n/10 ゴ
 []


Overfull \hbox (9.6222pt too wide) in paragraph at lines 12--15
\JY2/mc/m/n/10 リ
 []


Overfull \hbox (9.6222pt too wide) in paragraph at lines 12--15
\JY2/mc/m/n/10 ズ
 []


Overfull \hbox (9.6222pt too wide) in paragraph at lines 12--15
\JY2/mc/m/n/10 ム
 []


Overfull \hbox (9.6222pt too wide) in paragraph at lines 12--15
\JY2/mc/m/n/10 を
 []


Overfull \hbox (9.6222pt too wide) in paragraph at lines 12--15
\JY2/mc/m/n/10 組
 []


Overfull \hbox (9.6222pt too wide) in paragraph at lines 12--15
\JY2/mc/m/n/10 み
 []


Overfull \hbox (9.6222pt too wide) in paragraph at lines 12--15
\JY2/mc/m/n/10 合
 []


Overfull \hbox (9.6222pt too wide) in paragraph at lines 12--15
\JY2/mc/m/n/10 わ
 []


Overfull \hbox (9.6222pt too wide) in paragraph at lines 12--15
\JY2/mc/m/n/10 せ
 []


Overfull \hbox (9.6222pt too wide) in paragraph at lines 12--15
\JY2/mc/m/n/10 た
 []


Overfull \hbox (18.88892pt too wide) in paragraph at lines 12--15
\OT1/cmr/m/n/10 win-
 []


Overfull \hbox (17.50003pt too wide) in paragraph at lines 12--15
\OT1/cmr/m/n/10 dow
 []


Overfull \hbox (30.67226pt too wide) in paragraph at lines 12--15
\OT1/cmr/m/n/10 Miller\JY2/mc/m/n/10 ’
 []


Overfull \hbox (3.94444pt too wide) in paragraph at lines 12--15
\OT1/cmr/m/n/10 s
 []


Overfull \hbox (13.61113pt too wide) in paragraph at lines 12--15
\OT1/cmr/m/n/10 Al-
 []


Overfull \hbox (13.33336pt too wide) in paragraph at lines 12--15
\OT1/cmr/m/n/10 go-
 []


Overfull \hbox (24.47229pt too wide) in paragraph at lines 12--15
\OT1/cmr/m/n/10 rithm
 []


Overfull \hbox (9.6222pt too wide) in paragraph at lines 12--15
\JY2/mc/m/n/10 が
 []


Overfull \hbox (9.6222pt too wide) in paragraph at lines 12--15
\JY2/mc/m/n/10 提
 []


Overfull \hbox (9.6222pt too wide) in paragraph at lines 12--15
\JY2/mc/m/n/10 案
 []


Overfull \hbox (9.6222pt too wide) in paragraph at lines 12--15
\JY2/mc/m/n/10 さ
 []


Overfull \hbox (9.6222pt too wide) in paragraph at lines 12--15
\JY2/mc/m/n/10 れ
 []


Overfull \hbox (9.6222pt too wide) in paragraph at lines 12--15
\JY2/mc/m/n/10 て
 []


Overfull \hbox (9.6222pt too wide) in paragraph at lines 12--15
\JY2/mc/m/n/10 い
 []


Overfull \hbox (13.93329pt too wide) in paragraph at lines 12--15
\JY2/mc/m/n/10 る 。 
 []


./01_intro.tex:18: LaTeX Error: Missing \begin{document}.

See the LaTeX manual or LaTeX Companion for explanation.
Type  H <return>  for immediate help.
 ...                                              
                                                  
l.18 本
        研究では,BKLSAlgorithmにwindow法を適用した。以下に本...
You're in trouble here.  Try typing  <return>  to proceed.
If that doesn't work, type  X <return>  to quit.


Overfull \hbox (29.6222pt too wide) in paragraph at lines 18--19
[]\JY2/mc/m/n/10 本
 []


Overfull \hbox (9.6222pt too wide) in paragraph at lines 18--19
\JY2/mc/m/n/10 研
 []


Overfull \hbox (9.6222pt too wide) in paragraph at lines 18--19
\JY2/mc/m/n/10 究
 []


Overfull \hbox (9.6222pt too wide) in paragraph at lines 18--19
\JY2/mc/m/n/10 で
 []


Overfull \hbox (83.81685pt too wide) in paragraph at lines 18--19
\JY2/mc/m/n/10 は\OT1/cmr/m/n/10 ,BKLSAlgorithm
 []


Overfull \hbox (9.6222pt too wide) in paragraph at lines 18--19
\JY2/mc/m/n/10 に
 []


Overfull \hbox (18.88892pt too wide) in paragraph at lines 18--19
\OT1/cmr/m/n/10 win-
 []


Overfull \hbox (17.50003pt too wide) in paragraph at lines 18--19
\OT1/cmr/m/n/10 dow
 []


Overfull \hbox (9.6222pt too wide) in paragraph at lines 18--19
\JY2/mc/m/n/10 法
 []


Overfull \hbox (9.6222pt too wide) in paragraph at lines 18--19
\JY2/mc/m/n/10 を
 []


Overfull \hbox (9.6222pt too wide) in paragraph at lines 18--19
\JY2/mc/m/n/10 適
 []


Overfull \hbox (9.6222pt too wide) in paragraph at lines 18--19
\JY2/mc/m/n/10 用
 []


Overfull \hbox (9.6222pt too wide) in paragraph at lines 18--19
\JY2/mc/m/n/10 し
 []


Overfull \hbox (13.93329pt too wide) in paragraph at lines 18--19
\JY2/mc/m/n/10 た 。
 []


Overfull \hbox (9.6222pt too wide) in paragraph at lines 18--19
\JY2/mc/m/n/10 以
 []


Overfull \hbox (9.6222pt too wide) in paragraph at lines 18--19
\JY2/mc/m/n/10 下
 []


Overfull \hbox (9.6222pt too wide) in paragraph at lines 18--19
\JY2/mc/m/n/10 に
 []


Overfull \hbox (9.6222pt too wide) in paragraph at lines 18--19
\JY2/mc/m/n/10 本
 []


Overfull \hbox (9.6222pt too wide) in paragraph at lines 18--19
\JY2/mc/m/n/10 論
 []


Overfull \hbox (9.6222pt too wide) in paragraph at lines 18--19
\JY2/mc/m/n/10 文
 []


Overfull \hbox (9.6222pt too wide) in paragraph at lines 18--19
\JY2/mc/m/n/10 の
 []


Overfull \hbox (9.6222pt too wide) in paragraph at lines 18--19
\JY2/mc/m/n/10 構
 []


Overfull \hbox (9.6222pt too wide) in paragraph at lines 18--19
\JY2/mc/m/n/10 成
 []


Overfull \hbox (9.6222pt too wide) in paragraph at lines 18--19
\JY2/mc/m/n/10 を
 []


Overfull \hbox (9.6222pt too wide) in paragraph at lines 18--19
\JY2/mc/m/n/10 示
 []


Overfull \hbox (12.39998pt too wide) in paragraph at lines 18--19
\JY2/mc/m/n/10 す\OT1/cmr/m/n/10 .
 []


Overfull \hbox (9.6222pt too wide) in paragraph at lines 18--19
\JY2/mc/m/n/10 第
 []


Overfull \hbox (5.00002pt too wide) in paragraph at lines 18--19
\OT1/cmr/m/n/10 2
 []


Overfull \hbox (9.6222pt too wide) in paragraph at lines 18--19
\JY2/mc/m/n/10 章
 []


Overfull \hbox (9.6222pt too wide) in paragraph at lines 18--19
\JY2/mc/m/n/10 で
 []


Overfull \hbox (9.6222pt too wide) in paragraph at lines 18--19
\JY2/mc/m/n/10 数
 []


Overfull \hbox (9.6222pt too wide) in paragraph at lines 18--19
\JY2/mc/m/n/10 学
 []


Overfull \hbox (9.6222pt too wide) in paragraph at lines 18--19
\JY2/mc/m/n/10 的
 []


Overfull \hbox (9.6222pt too wide) in paragraph at lines 18--19
\JY2/mc/m/n/10 準
 []


Overfull \hbox (12.39998pt too wide) in paragraph at lines 18--19
\JY2/mc/m/n/10 備\OT1/cmr/m/n/10 ,
 []


Overfull \hbox (9.6222pt too wide) in paragraph at lines 18--19
\JY2/mc/m/n/10 第
 []


Overfull \hbox (5.00002pt too wide) in paragraph at lines 18--19
\OT1/cmr/m/n/10 3
 []


Overfull \hbox (9.6222pt too wide) in paragraph at lines 18--19
\JY2/mc/m/n/10 章
 []


Overfull \hbox (9.6222pt too wide) in paragraph at lines 18--19
\JY2/mc/m/n/10 で
 []


Overfull \hbox (9.6222pt too wide) in paragraph at lines 18--19
\JY2/mc/m/n/10 は
 []


Overfull \hbox (9.6222pt too wide) in paragraph at lines 18--19
\JY2/mc/m/n/10 楕
 []


Overfull \hbox (9.6222pt too wide) in paragraph at lines 18--19
\JY2/mc/m/n/10 円
 []


Overfull \hbox (9.6222pt too wide) in paragraph at lines 18--19
\JY2/mc/m/n/10 曲
 []


Overfull \hbox (9.6222pt too wide) in paragraph at lines 18--19
\JY2/mc/m/n/10 線
 []


Overfull \hbox (9.6222pt too wide) in paragraph at lines 18--19
\JY2/mc/m/n/10 に
 []


Overfull \hbox (9.6222pt too wide) in paragraph at lines 18--19
\JY2/mc/m/n/10 つ
 []


Overfull \hbox (9.6222pt too wide) in paragraph at lines 18--19
\JY2/mc/m/n/10 い
 []


Overfull \hbox (12.39998pt too wide) in paragraph at lines 18--19
\JY2/mc/m/n/10 て\OT1/cmr/m/n/10 ,
 []


Overfull \hbox (9.6222pt too wide) in paragraph at lines 18--19
\JY2/mc/m/n/10 点
 []


Overfull \hbox (9.6222pt too wide) in paragraph at lines 18--19
\JY2/mc/m/n/10 の
 []


Overfull \hbox (9.6222pt too wide) in paragraph at lines 18--19
\JY2/mc/m/n/10 加
 []


Overfull \hbox (9.6222pt too wide) in paragraph at lines 18--19
\JY2/mc/m/n/10 算
 []


Overfull \hbox (9.6222pt too wide) in paragraph at lines 18--19
\JY2/mc/m/n/10 法
 []


Overfull \hbox (9.6222pt too wide) in paragraph at lines 18--19
\JY2/mc/m/n/10 や
 []


Overfull \hbox (9.6222pt too wide) in paragraph at lines 18--19
\JY2/mc/m/n/10 楕
 []


Overfull \hbox (9.6222pt too wide) in paragraph at lines 18--19
\JY2/mc/m/n/10 円
 []


Overfull \hbox (9.6222pt too wide) in paragraph at lines 18--19
\JY2/mc/m/n/10 離
 []


Overfull \hbox (9.6222pt too wide) in paragraph at lines 18--19
\JY2/mc/m/n/10 散
 []


Overfull \hbox (9.6222pt too wide) in paragraph at lines 18--19
\JY2/mc/m/n/10 対
 []


Overfull \hbox (9.6222pt too wide) in paragraph at lines 18--19
\JY2/mc/m/n/10 数
 []


Overfull \hbox (9.6222pt too wide) in paragraph at lines 18--19
\JY2/mc/m/n/10 問
 []


Overfull \hbox (9.6222pt too wide) in paragraph at lines 18--19
\JY2/mc/m/n/10 題
 []


Overfull \hbox (9.6222pt too wide) in paragraph at lines 18--19
\JY2/mc/m/n/10 に
 []


Overfull \hbox (9.6222pt too wide) in paragraph at lines 18--19
\JY2/mc/m/n/10 つ
 []


Overfull \hbox (9.6222pt too wide) in paragraph at lines 18--19
\JY2/mc/m/n/10 い
 []


Overfull \hbox (9.6222pt too wide) in paragraph at lines 18--19
\JY2/mc/m/n/10 て
 []


Overfull \hbox (9.6222pt too wide) in paragraph at lines 18--19
\JY2/mc/m/n/10 述
 []


Overfull \hbox (9.6222pt too wide) in paragraph at lines 18--19
\JY2/mc/m/n/10 べ
 []


Overfull \hbox (12.39998pt too wide) in paragraph at lines 18--19
\JY2/mc/m/n/10 る\OT1/cmr/m/n/10 .
 []


Overfull \hbox (9.6222pt too wide) in paragraph at lines 18--19
\JY2/mc/m/n/10 第
 []


Overfull \hbox (5.00002pt too wide) in paragraph at lines 18--19
\OT1/cmr/m/n/10 4
 []


Overfull \hbox (9.6222pt too wide) in paragraph at lines 18--19
\JY2/mc/m/n/10 章
 []


Overfull \hbox (9.6222pt too wide) in paragraph at lines 18--19
\JY2/mc/m/n/10 で
 []


Overfull \hbox (9.6222pt too wide) in paragraph at lines 18--19
\JY2/mc/m/n/10 ペ
 []


Overfull \hbox (9.6222pt too wide) in paragraph at lines 18--19
\JY2/mc/m/n/10 ア
 []


Overfull \hbox (9.6222pt too wide) in paragraph at lines 18--19
\JY2/mc/m/n/10 リ
 []


Overfull \hbox (9.6222pt too wide) in paragraph at lines 18--19
\JY2/mc/m/n/10 ン
 []


Overfull \hbox (9.6222pt too wide) in paragraph at lines 18--19
\JY2/mc/m/n/10 グ
 []


Overfull \hbox (9.6222pt too wide) in paragraph at lines 18--19
\JY2/mc/m/n/10 に
 []


Overfull \hbox (9.6222pt too wide) in paragraph at lines 18--19
\JY2/mc/m/n/10 つ
 []


Overfull \hbox (9.6222pt too wide) in paragraph at lines 18--19
\JY2/mc/m/n/10 い
 []


Overfull \hbox (12.39998pt too wide) in paragraph at lines 18--19
\JY2/mc/m/n/10 て\OT1/cmr/m/n/10 ,
 []


Overfull \hbox (9.6222pt too wide) in paragraph at lines 18--19
\JY2/mc/m/n/10 第
 []


Overfull \hbox (5.00002pt too wide) in paragraph at lines 18--19
\OT1/cmr/m/n/10 5
 []


Overfull \hbox (9.6222pt too wide) in paragraph at lines 18--19
\JY2/mc/m/n/10 章
 []


Overfull \hbox (9.6222pt too wide) in paragraph at lines 18--19
\JY2/mc/m/n/10 で
 []


Overfull \hbox (9.6222pt too wide) in paragraph at lines 18--19
\JY2/mc/m/n/10 ぺ
 []


Overfull \hbox (9.6222pt too wide) in paragraph at lines 18--19
\JY2/mc/m/n/10 ア
 []


Overfull \hbox (9.6222pt too wide) in paragraph at lines 18--19
\JY2/mc/m/n/10 リ
 []


Overfull \hbox (9.6222pt too wide) in paragraph at lines 18--19
\JY2/mc/m/n/10 ン
 []


Overfull \hbox (9.6222pt too wide) in paragraph at lines 18--19
\JY2/mc/m/n/10 グ
 []


Overfull \hbox (9.6222pt too wide) in paragraph at lines 18--19
\JY2/mc/m/n/10 の
 []


Overfull \hbox (9.6222pt too wide) in paragraph at lines 18--19
\JY2/mc/m/n/10 計
 []


Overfull \hbox (9.6222pt too wide) in paragraph at lines 18--19
\JY2/mc/m/n/10 算
 []


Overfull \hbox (9.6222pt too wide) in paragraph at lines 18--19
\JY2/mc/m/n/10 方
 []


Overfull \hbox (9.6222pt too wide) in paragraph at lines 18--19
\JY2/mc/m/n/10 法
 []


Overfull \hbox (9.6222pt too wide) in paragraph at lines 18--19
\JY2/mc/m/n/10 に
 []


Overfull \hbox (9.6222pt too wide) in paragraph at lines 18--19
\JY2/mc/m/n/10 つ
 []


Overfull \hbox (9.6222pt too wide) in paragraph at lines 18--19
\JY2/mc/m/n/10 い
 []


Overfull \hbox (9.6222pt too wide) in paragraph at lines 18--19
\JY2/mc/m/n/10 て
 []


Overfull \hbox (9.6222pt too wide) in paragraph at lines 18--19
\JY2/mc/m/n/10 述
 []


Overfull \hbox (9.6222pt too wide) in paragraph at lines 18--19
\JY2/mc/m/n/10 べ
 []


Overfull \hbox (12.39998pt too wide) in paragraph at lines 18--19
\JY2/mc/m/n/10 る\OT1/cmr/m/n/10 .
 []


Overfull \hbox (9.6222pt too wide) in paragraph at lines 18--19
\JY2/mc/m/n/10 第
 []


Overfull \hbox (5.00002pt too wide) in paragraph at lines 18--19
\OT1/cmr/m/n/10 6
 []


Overfull \hbox (9.6222pt too wide) in paragraph at lines 18--19
\JY2/mc/m/n/10 章
 []


Overfull \hbox (9.6222pt too wide) in paragraph at lines 18--19
\JY2/mc/m/n/10 で
 []


Overfull \hbox (9.6222pt too wide) in paragraph at lines 18--19
\JY2/mc/m/n/10 従
 []


Overfull \hbox (9.6222pt too wide) in paragraph at lines 18--19
\JY2/mc/m/n/10 来
 []


Overfull \hbox (9.6222pt too wide) in paragraph at lines 18--19
\JY2/mc/m/n/10 手
 []


Overfull \hbox (12.39998pt too wide) in paragraph at lines 18--19
\JY2/mc/m/n/10 法\OT1/cmr/m/n/10 ,
 []


Overfull \hbox (9.6222pt too wide) in paragraph at lines 18--19
\JY2/mc/m/n/10 既
 []


Overfull \hbox (9.6222pt too wide) in paragraph at lines 18--19
\JY2/mc/m/n/10 存
 []


Overfull \hbox (9.6222pt too wide) in paragraph at lines 18--19
\JY2/mc/m/n/10 研
 []


Overfull \hbox (12.39998pt too wide) in paragraph at lines 18--19
\JY2/mc/m/n/10 究\OT1/cmr/m/n/10 ,
 []


Overfull \hbox (9.6222pt too wide) in paragraph at lines 18--19
\JY2/mc/m/n/10 提
 []


Overfull \hbox (9.6222pt too wide) in paragraph at lines 18--19
\JY2/mc/m/n/10 案
 []


Overfull \hbox (9.6222pt too wide) in paragraph at lines 18--19
\JY2/mc/m/n/10 手
 []


Overfull \hbox (9.6222pt too wide) in paragraph at lines 18--19
\JY2/mc/m/n/10 法
 []


Overfull \hbox (9.6222pt too wide) in paragraph at lines 18--19
\JY2/mc/m/n/10 に
 []


Overfull \hbox (9.6222pt too wide) in paragraph at lines 18--19
\JY2/mc/m/n/10 つ
 []


Overfull \hbox (9.6222pt too wide) in paragraph at lines 18--19
\JY2/mc/m/n/10 い
 []


Overfull \hbox (12.39998pt too wide) in paragraph at lines 18--19
\JY2/mc/m/n/10 て\OT1/cmr/m/n/10 ,
 []


Overfull \hbox (9.6222pt too wide) in paragraph at lines 18--19
\JY2/mc/m/n/10 第
 []


Overfull \hbox (5.00002pt too wide) in paragraph at lines 18--19
\OT1/cmr/m/n/10 7
 []


Overfull \hbox (9.6222pt too wide) in paragraph at lines 18--19
\JY2/mc/m/n/10 章
 []


Overfull \hbox (9.6222pt too wide) in paragraph at lines 18--19
\JY2/mc/m/n/10 で
 []


Overfull \hbox (9.6222pt too wide) in paragraph at lines 18--19
\JY2/mc/m/n/10 実
 []


Overfull \hbox (9.6222pt too wide) in paragraph at lines 18--19
\JY2/mc/m/n/10 行
 []


Overfull \hbox (9.6222pt too wide) in paragraph at lines 18--19
\JY2/mc/m/n/10 結
 []


Overfull \hbox (12.39998pt too wide) in paragraph at lines 18--19
\JY2/mc/m/n/10 果\OT1/cmr/m/n/10 ,
 []


Overfull \hbox (9.6222pt too wide) in paragraph at lines 18--19
\JY2/mc/m/n/10 第
 []


Overfull \hbox (5.00002pt too wide) in paragraph at lines 18--19
\OT1/cmr/m/n/10 8
 []


Overfull \hbox (9.6222pt too wide) in paragraph at lines 18--19
\JY2/mc/m/n/10 章
 []


Overfull \hbox (9.6222pt too wide) in paragraph at lines 18--19
\JY2/mc/m/n/10 で
 []


Overfull \hbox (9.6222pt too wide) in paragraph at lines 18--19
\JY2/mc/m/n/10 考
 []


Overfull \hbox (9.6222pt too wide) in paragraph at lines 18--19
\JY2/mc/m/n/10 察
 []


Overfull \hbox (9.6222pt too wide) in paragraph at lines 18--19
\JY2/mc/m/n/10 と
 []


Overfull \hbox (9.6222pt too wide) in paragraph at lines 18--19
\JY2/mc/m/n/10 今
 []


Overfull \hbox (9.6222pt too wide) in paragraph at lines 18--19
\JY2/mc/m/n/10 後
 []


Overfull \hbox (9.6222pt too wide) in paragraph at lines 18--19
\JY2/mc/m/n/10 の
 []


Overfull \hbox (9.6222pt too wide) in paragraph at lines 18--19
\JY2/mc/m/n/10 課
 []


Overfull \hbox (9.6222pt too wide) in paragraph at lines 18--19
\JY2/mc/m/n/10 題
 []


Overfull \hbox (9.6222pt too wide) in paragraph at lines 18--19
\JY2/mc/m/n/10 を
 []


Overfull \hbox (9.6222pt too wide) in paragraph at lines 18--19
\JY2/mc/m/n/10 述
 []


Overfull \hbox (9.6222pt too wide) in paragraph at lines 18--19
\JY2/mc/m/n/10 べ
 []


Overfull \hbox (12.39998pt too wide) in paragraph at lines 18--19
\JY2/mc/m/n/10 る\OT1/cmr/m/n/10 . 
 []

)
! Emergency stop.
<*> 01_intro.tex
                
*** (job aborted, no legal \end found)

 
Here is how much of TeX's memory you used:
 5 strings out of 493215
 58 string characters out of 6144073
 81604 words of memory out of 5000000
 4096 multiletter control sequences out of 15000+600000
 6281 words of font info for 32 fonts, out of 8000000 for 9000
 929 hyphenation exceptions out of 8191
 18i,4n,8p,664b,118s stack positions out of 5000i,500n,10000p,200000b,80000s
Output written on 01_intro.dvi (1 page, 920 bytes).
