This is e-pTeX, Version 3.14159265-p3.7-150805-2.6 (utf8.sjis) (TeX Live 2015/W32TeX) (preloaded format=platex 2015.11.21)  30 DEC 2015 18:59
entering extended mode
 restricted \write18 enabled.
 %&-line parsing enabled.
**./2-GroupRingField.tex
(./2-GroupRingField.tex
pLaTeX2e <2006/11/10> (based on LaTeX2e <2015/10/01> patch level 2)
Babel <3.9m> and hyphenation patterns for 79 languages loaded.
! Undefined control sequence.
l.5 \chapter
            {準備}
? 
! Emergency stop.
l.5 \chapter
            {準備}
End of file on the terminal!

 
Here is how much of TeX's memory you used:
 5 strings out of 493734
 96 string characters out of 6152926
 53606 words of memory out of 5000000
 3634 multiletter control sequences out of 15000+600000
 7511 words of font info for 31 fonts, out of 8000000 for 9000
 929 hyphenation exceptions out of 8191
 5i,0n,1p,105b,8s stack positions out of 5000i,500n,10000p,500000b,80000s
No pages of output.
