This is e-upTeX, Version 3.14159265-p3.8.1-u1.23-180226-2.6 (utf8.uptex) (TeX Live 2018) (preloaded format=uplatex 2019.1.6)  7 JAN 2019 01:03
entering extended mode
 restricted \write18 enabled.
 file:line:error style messages enabled.
 %&-line parsing enabled.
**00_survey.tex
(./00_survey.tex
pLaTeX2e <2018-12-01u02> (based on LaTeX2e <2018-12-01>)
./00_survey.tex:2: Undefined control sequence.
l.2 \chapter
            *{概論}
The control sequence at the end of the top line
of your error message was never \def'ed. If you have
misspelled it (e.g., `\hobx'), type `I' and the correct
spelling (e.g., `I\hbox'). Otherwise just continue,
and I'll forget about whatever was undefined.


./00_survey.tex:2: LaTeX Error: Missing \begin{document}.

See the LaTeX manual or LaTeX Companion for explanation.
Type  H <return>  for immediate help.
 ...                                              
                                                  
l.2 \chapter*
             {概論}
You're in trouble here.  Try typing  <return>  to proceed.
If that doesn't work, type  X <return>  to quit.


Overfull \hbox (25.00002pt too wide) in paragraph at lines 2--5
[]\OT1/cmr/m/n/10 *
 []


Overfull \hbox (9.6222pt too wide) in paragraph at lines 2--5
\JY2/mc/m/n/10 概
 []


Overfull \hbox (9.6222pt too wide) in paragraph at lines 2--5
\JY2/mc/m/n/10 論
 []


Overfull \hbox (9.6222pt too wide) in paragraph at lines 2--5
\JY2/mc/m/n/10 暗
 []


Overfull \hbox (9.6222pt too wide) in paragraph at lines 2--5
\JY2/mc/m/n/10 号
 []


Overfull \hbox (9.6222pt too wide) in paragraph at lines 2--5
\JY2/mc/m/n/10 で
 []


Overfull \hbox (9.6222pt too wide) in paragraph at lines 2--5
\JY2/mc/m/n/10 有
 []


Overfull \hbox (9.6222pt too wide) in paragraph at lines 2--5
\JY2/mc/m/n/10 用
 []


Overfull \hbox (9.6222pt too wide) in paragraph at lines 2--5
\JY2/mc/m/n/10 な
 []


Overfull \hbox (9.6222pt too wide) in paragraph at lines 2--5
\JY2/mc/m/n/10 双
 []


Overfull \hbox (9.6222pt too wide) in paragraph at lines 2--5
\JY2/mc/m/n/10 線
 []


Overfull \hbox (9.6222pt too wide) in paragraph at lines 2--5
\JY2/mc/m/n/10 形
 []


Overfull \hbox (9.6222pt too wide) in paragraph at lines 2--5
\JY2/mc/m/n/10 写
 []


Overfull \hbox (9.6222pt too wide) in paragraph at lines 2--5
\JY2/mc/m/n/10 像
 []


Overfull \hbox (12.39998pt too wide) in paragraph at lines 2--5
\JY2/mc/m/n/10 に\OT1/cmr/m/n/10 ,
 []


Overfull \hbox (9.6222pt too wide) in paragraph at lines 2--5
\JY2/mc/m/n/10 楕
 []


Overfull \hbox (9.6222pt too wide) in paragraph at lines 2--5
\JY2/mc/m/n/10 円
 []


Overfull \hbox (9.6222pt too wide) in paragraph at lines 2--5
\JY2/mc/m/n/10 曲
 []


Overfull \hbox (9.6222pt too wide) in paragraph at lines 2--5
\JY2/mc/m/n/10 線
 []


Overfull \hbox (12.39998pt too wide) in paragraph at lines 2--5
\JY2/mc/m/n/10 上\OT1/cmr/m/n/10 ,
 []


Overfull \hbox (9.6222pt too wide) in paragraph at lines 2--5
\JY2/mc/m/n/10 ま
 []


Overfull \hbox (9.6222pt too wide) in paragraph at lines 2--5
\JY2/mc/m/n/10 た
 []


Overfull \hbox (9.6222pt too wide) in paragraph at lines 2--5
\JY2/mc/m/n/10 は
 []


Overfull \hbox (9.6222pt too wide) in paragraph at lines 2--5
\JY2/mc/m/n/10 超
 []


Overfull \hbox (9.6222pt too wide) in paragraph at lines 2--5
\JY2/mc/m/n/10 楕
 []


Overfull \hbox (9.6222pt too wide) in paragraph at lines 2--5
\JY2/mc/m/n/10 円
 []


Overfull \hbox (9.6222pt too wide) in paragraph at lines 2--5
\JY2/mc/m/n/10 曲
 []


Overfull \hbox (9.6222pt too wide) in paragraph at lines 2--5
\JY2/mc/m/n/10 線
 []


Overfull \hbox (9.6222pt too wide) in paragraph at lines 2--5
\JY2/mc/m/n/10 上
 []


Overfull \hbox (9.6222pt too wide) in paragraph at lines 2--5
\JY2/mc/m/n/10 の
 []


Overfull \hbox (19.44447pt too wide) in paragraph at lines 2--5
\OT1/cmr/m/n/10 Weil
 []


Overfull \hbox (9.6222pt too wide) in paragraph at lines 2--5
\JY2/mc/m/n/10 ペ
 []


Overfull \hbox (9.6222pt too wide) in paragraph at lines 2--5
\JY2/mc/m/n/10 ア
 []


Overfull \hbox (9.6222pt too wide) in paragraph at lines 2--5
\JY2/mc/m/n/10 リ
 []


Overfull \hbox (9.6222pt too wide) in paragraph at lines 2--5
\JY2/mc/m/n/10 ン
 []


Overfull \hbox (12.39998pt too wide) in paragraph at lines 2--5
\JY2/mc/m/n/10 グ\OT1/cmr/m/n/10 ,
 []


Overfull \hbox (19.72224pt too wide) in paragraph at lines 2--5
\OT1/cmr/m/n/10 Tate
 []


Overfull \hbox (9.6222pt too wide) in paragraph at lines 2--5
\JY2/mc/m/n/10 ペ
 []


Overfull \hbox (9.6222pt too wide) in paragraph at lines 2--5
\JY2/mc/m/n/10 ア
 []


Overfull \hbox (9.6222pt too wide) in paragraph at lines 2--5
\JY2/mc/m/n/10 リ
 []


Overfull \hbox (9.6222pt too wide) in paragraph at lines 2--5
\JY2/mc/m/n/10 ン
 []


Overfull \hbox (9.6222pt too wide) in paragraph at lines 2--5
\JY2/mc/m/n/10 グ
 []


Overfull \hbox (9.6222pt too wide) in paragraph at lines 2--5
\JY2/mc/m/n/10 な
 []


Overfull \hbox (9.6222pt too wide) in paragraph at lines 2--5
\JY2/mc/m/n/10 ど
 []


Overfull \hbox (9.6222pt too wide) in paragraph at lines 2--5
\JY2/mc/m/n/10 が
 []


Overfull \hbox (9.6222pt too wide) in paragraph at lines 2--5
\JY2/mc/m/n/10 あ
 []


Overfull \hbox (12.39998pt too wide) in paragraph at lines 2--5
\JY2/mc/m/n/10 る\OT1/cmr/m/n/10 .
 []


Overfull \hbox (9.6222pt too wide) in paragraph at lines 2--5
\JY2/mc/m/n/10 楕
 []


Overfull \hbox (9.6222pt too wide) in paragraph at lines 2--5
\JY2/mc/m/n/10 円
 []


Overfull \hbox (9.6222pt too wide) in paragraph at lines 2--5
\JY2/mc/m/n/10 曲
 []


Overfull \hbox (9.6222pt too wide) in paragraph at lines 2--5
\JY2/mc/m/n/10 線
 []


Overfull \hbox (9.6222pt too wide) in paragraph at lines 2--5
\JY2/mc/m/n/10 に
 []


Overfull \hbox (9.6222pt too wide) in paragraph at lines 2--5
\JY2/mc/m/n/10 お
 []


Overfull \hbox (9.6222pt too wide) in paragraph at lines 2--5
\JY2/mc/m/n/10 け
 []


Overfull \hbox (9.6222pt too wide) in paragraph at lines 2--5
\JY2/mc/m/n/10 る
 []


Overfull \hbox (9.6222pt too wide) in paragraph at lines 2--5
\JY2/mc/m/n/10 ペ
 []


Overfull \hbox (9.6222pt too wide) in paragraph at lines 2--5
\JY2/mc/m/n/10 ア
 []


Overfull \hbox (9.6222pt too wide) in paragraph at lines 2--5
\JY2/mc/m/n/10 リ
 []


Overfull \hbox (9.6222pt too wide) in paragraph at lines 2--5
\JY2/mc/m/n/10 ン
 []


Overfull \hbox (9.6222pt too wide) in paragraph at lines 2--5
\JY2/mc/m/n/10 グ
 []


Overfull \hbox (9.6222pt too wide) in paragraph at lines 2--5
\JY2/mc/m/n/10 演
 []


Overfull \hbox (9.6222pt too wide) in paragraph at lines 2--5
\JY2/mc/m/n/10 算
 []


Overfull \hbox (9.6222pt too wide) in paragraph at lines 2--5
\JY2/mc/m/n/10 で
 []


Overfull \hbox (12.39998pt too wide) in paragraph at lines 2--5
\JY2/mc/m/n/10 は\OT1/cmr/m/n/10 ,
 []


Overfull \hbox (25.86116pt too wide) in paragraph at lines 2--5
\OT1/cmr/m/n/10 Miller
 []


Overfull \hbox (13.61113pt too wide) in paragraph at lines 2--5
\OT1/cmr/m/n/10 Al-
 []


Overfull \hbox (13.33336pt too wide) in paragraph at lines 2--5
\OT1/cmr/m/n/10 go-
 []


Overfull \hbox (24.47229pt too wide) in paragraph at lines 2--5
\OT1/cmr/m/n/10 rithm
 []


Overfull \hbox (9.6222pt too wide) in paragraph at lines 2--5
\JY2/mc/m/n/10 や
 []


Overfull \hbox (26.66675pt too wide) in paragraph at lines 2--5
\OT1/cmr/m/n/10 BKLS
 []


Overfull \hbox (13.61113pt too wide) in paragraph at lines 2--5
\OT1/cmr/m/n/10 Al-
 []


Overfull \hbox (13.33336pt too wide) in paragraph at lines 2--5
\OT1/cmr/m/n/10 go-
 []


Overfull \hbox (24.47229pt too wide) in paragraph at lines 2--5
\OT1/cmr/m/n/10 rithm
 []


Overfull \hbox (9.6222pt too wide) in paragraph at lines 2--5
\JY2/mc/m/n/10 が
 []


Overfull \hbox (9.6222pt too wide) in paragraph at lines 2--5
\JY2/mc/m/n/10 知
 []


Overfull \hbox (9.6222pt too wide) in paragraph at lines 2--5
\JY2/mc/m/n/10 ら
 []


Overfull \hbox (9.6222pt too wide) in paragraph at lines 2--5
\JY2/mc/m/n/10 れ
 []


Overfull \hbox (9.6222pt too wide) in paragraph at lines 2--5
\JY2/mc/m/n/10 て
 []


Overfull \hbox (9.6222pt too wide) in paragraph at lines 2--5
\JY2/mc/m/n/10 い
 []


Overfull \hbox (12.39998pt too wide) in paragraph at lines 2--5
\JY2/mc/m/n/10 る\OT1/cmr/m/n/10 .
 []


Overfull \hbox (9.6222pt too wide) in paragraph at lines 2--5
\JY2/mc/m/n/10 本
 []


Overfull \hbox (9.6222pt too wide) in paragraph at lines 2--5
\JY2/mc/m/n/10 研
 []


Overfull \hbox (9.6222pt too wide) in paragraph at lines 2--5
\JY2/mc/m/n/10 究
 []


Overfull \hbox (9.6222pt too wide) in paragraph at lines 2--5
\JY2/mc/m/n/10 で
 []


Overfull \hbox (9.6222pt too wide) in paragraph at lines 2--5
\JY2/mc/m/n/10 は
 []


Overfull \hbox (26.66675pt too wide) in paragraph at lines 2--5
\OT1/cmr/m/n/10 BKLS
 []


Overfull \hbox (13.61113pt too wide) in paragraph at lines 2--5
\OT1/cmr/m/n/10 Al-
 []


Overfull \hbox (13.33336pt too wide) in paragraph at lines 2--5
\OT1/cmr/m/n/10 go-
 []


Overfull \hbox (10.02779pt too wide) in paragraph at lines 2--5
\OT1/cmr/m/n/10 ri-
 []


Overfull \hbox (17.50005pt too wide) in paragraph at lines 2--5
\OT1/cmr/m/n/10 htm
 []


Overfull \hbox (9.6222pt too wide) in paragraph at lines 2--5
\JY2/mc/m/n/10 に
 []


Overfull \hbox (21.94449pt too wide) in paragraph at lines 2--5
\OT1/cmr/m/n/10 Win-
 []


Overfull \hbox (17.50003pt too wide) in paragraph at lines 2--5
\OT1/cmr/m/n/10 dow
 []


Overfull \hbox (9.6222pt too wide) in paragraph at lines 2--5
\JY2/mc/m/n/10 法
 []


Overfull \hbox (9.6222pt too wide) in paragraph at lines 2--5
\JY2/mc/m/n/10 を
 []


Overfull \hbox (9.6222pt too wide) in paragraph at lines 2--5
\JY2/mc/m/n/10 適
 []


Overfull \hbox (9.6222pt too wide) in paragraph at lines 2--5
\JY2/mc/m/n/10 用
 []


Overfull \hbox (12.39998pt too wide) in paragraph at lines 2--5
\JY2/mc/m/n/10 し\OT1/cmr/m/n/10 ,
 []


Overfull \hbox (19.72224pt too wide) in paragraph at lines 2--5
\OT1/cmr/m/n/10 Tate
 []


Overfull \hbox (9.6222pt too wide) in paragraph at lines 2--5
\JY2/mc/m/n/10 ペ
 []


Overfull \hbox (9.6222pt too wide) in paragraph at lines 2--5
\JY2/mc/m/n/10 ア
 []


Overfull \hbox (9.6222pt too wide) in paragraph at lines 2--5
\JY2/mc/m/n/10 リ
 []


Overfull \hbox (9.6222pt too wide) in paragraph at lines 2--5
\JY2/mc/m/n/10 ン
 []


Overfull \hbox (9.6222pt too wide) in paragraph at lines 2--5
\JY2/mc/m/n/10 グ
 []


Overfull \hbox (9.6222pt too wide) in paragraph at lines 2--5
\JY2/mc/m/n/10 の
 []


Overfull \hbox (9.6222pt too wide) in paragraph at lines 2--5
\JY2/mc/m/n/10 高
 []


Overfull \hbox (9.6222pt too wide) in paragraph at lines 2--5
\JY2/mc/m/n/10 速
 []


Overfull \hbox (9.6222pt too wide) in paragraph at lines 2--5
\JY2/mc/m/n/10 化
 []


Overfull \hbox (9.6222pt too wide) in paragraph at lines 2--5
\JY2/mc/m/n/10 を
 []


Overfull \hbox (9.6222pt too wide) in paragraph at lines 2--5
\JY2/mc/m/n/10 行
 []


Overfull \hbox (9.6222pt too wide) in paragraph at lines 2--5
\JY2/mc/m/n/10 っ
 []


Overfull \hbox (12.39998pt too wide) in paragraph at lines 2--5
\JY2/mc/m/n/10 た\OT1/cmr/m/n/10 .
 []


Overfull \hbox (9.6222pt too wide) in paragraph at lines 2--5
\JY2/mc/m/n/10 ま
 []


Overfull \hbox (9.6222pt too wide) in paragraph at lines 2--5
\JY2/mc/m/n/10 た
 []


Overfull \hbox (40.90285pt too wide) in paragraph at lines 2--5
\OT1/cmr/m/n/10 MAGMA
 []


Overfull \hbox (9.6222pt too wide) in paragraph at lines 2--5
\JY2/mc/m/n/10 を
 []


Overfull \hbox (9.6222pt too wide) in paragraph at lines 2--5
\JY2/mc/m/n/10 用
 []


Overfull \hbox (9.6222pt too wide) in paragraph at lines 2--5
\JY2/mc/m/n/10 い
 []


Overfull \hbox (9.6222pt too wide) in paragraph at lines 2--5
\JY2/mc/m/n/10 て
 []


Overfull \hbox (9.6222pt too wide) in paragraph at lines 2--5
\JY2/mc/m/n/10 実
 []


Overfull \hbox (9.6222pt too wide) in paragraph at lines 2--5
\JY2/mc/m/n/10 装
 []


Overfull \hbox (12.39998pt too wide) in paragraph at lines 2--5
\JY2/mc/m/n/10 し\OT1/cmr/m/n/10 ,
 []


Overfull \hbox (9.6222pt too wide) in paragraph at lines 2--5
\JY2/mc/m/n/10 計
 []


Overfull \hbox (9.6222pt too wide) in paragraph at lines 2--5
\JY2/mc/m/n/10 算
 []


Overfull \hbox (9.6222pt too wide) in paragraph at lines 2--5
\JY2/mc/m/n/10 時
 []


Overfull \hbox (9.6222pt too wide) in paragraph at lines 2--5
\JY2/mc/m/n/10 間
 []


Overfull \hbox (9.6222pt too wide) in paragraph at lines 2--5
\JY2/mc/m/n/10 を
 []


Overfull \hbox (9.6222pt too wide) in paragraph at lines 2--5
\JY2/mc/m/n/10 求
 []


Overfull \hbox (12.39998pt too wide) in paragraph at lines 2--5
\JY2/mc/m/n/10 め\OT1/cmr/m/n/10 ,
 []


Overfull \hbox (9.6222pt too wide) in paragraph at lines 2--5
\JY2/mc/m/n/10 計
 []


Overfull \hbox (9.6222pt too wide) in paragraph at lines 2--5
\JY2/mc/m/n/10 算
 []


Overfull \hbox (9.6222pt too wide) in paragraph at lines 2--5
\JY2/mc/m/n/10 コ
 []


Overfull \hbox (9.6222pt too wide) in paragraph at lines 2--5
\JY2/mc/m/n/10 ス
 []


Overfull \hbox (9.6222pt too wide) in paragraph at lines 2--5
\JY2/mc/m/n/10 ト
 []


Overfull \hbox (9.6222pt too wide) in paragraph at lines 2--5
\JY2/mc/m/n/10 と
 []


Overfull \hbox (9.6222pt too wide) in paragraph at lines 2--5
\JY2/mc/m/n/10 比
 []


Overfull \hbox (9.6222pt too wide) in paragraph at lines 2--5
\JY2/mc/m/n/10 較
 []


Overfull \hbox (9.6222pt too wide) in paragraph at lines 2--5
\JY2/mc/m/n/10 し
 []


Overfull \hbox (12.39998pt too wide) in paragraph at lines 2--5
\JY2/mc/m/n/10 た\OT1/cmr/m/n/10 . 
 []


Underfull \vbox (badness 10000) has occurred while \output is active []

LaTeX Font Info:    Font shape `JT2/mc/m/n' will be
(Font)              scaled to size 9.6222pt on input line 5.
LaTeX Font Info:    Font shape `JY2/mc/m/n' will be
(Font)              scaled to size 9.6222pt on input line 5.


./00_survey.tex:5: LaTeX Error: The font size command \normalsize is not defined:
               there is probably something wrong with the class file.

See the LaTeX manual or LaTeX Companion for explanation.
Type  H <return>  for immediate help.
 ...                                              
                                                  
l.5 
    
Your command was ignored.
Type  I <command> <return>  to replace it with another command,
or  <return>  to continue without it.

[1]
./00_survey.tex:8: Undefined control sequence.
l.8 \section
            *{キーワード}
The control sequence at the end of the top line
of your error message was never \def'ed. If you have
misspelled it (e.g., `\hobx'), type `I' and the correct
spelling (e.g., `I\hbox'). Otherwise just continue,
and I'll forget about whatever was undefined.


./00_survey.tex:8: LaTeX Error: Missing \begin{document}.

See the LaTeX manual or LaTeX Companion for explanation.
Type  H <return>  for immediate help.
 ...                                              
                                                  
l.8 \section*
             {キーワード}
You're in trouble here.  Try typing  <return>  to proceed.
If that doesn't work, type  X <return>  to quit.


Overfull \hbox (25.00002pt too wide) in paragraph at lines 8--9
[]\OT1/cmr/m/n/10 *
 []


Overfull \hbox (18.74438pt too wide) in paragraph at lines 8--9
\JY2/mc/m/n/10 キ ー
 []


Overfull \hbox (18.74438pt too wide) in paragraph at lines 8--9
\JY2/mc/m/n/10 ワ ー
 []


Overfull \hbox (9.6222pt too wide) in paragraph at lines 8--9
\JY2/mc/m/n/10 ド 
 []


Overfull \hbox (9.6222pt too wide) in paragraph at lines 10--11
\JY2/mc/m/n/10 楕
 []


Overfull \hbox (9.6222pt too wide) in paragraph at lines 10--11
\JY2/mc/m/n/10 円
 []


Overfull \hbox (9.6222pt too wide) in paragraph at lines 10--11
\JY2/mc/m/n/10 曲
 []


Overfull \hbox (9.6222pt too wide) in paragraph at lines 10--11
\JY2/mc/m/n/10 線 
 []


Overfull \hbox (9.6222pt too wide) in paragraph at lines 11--12
\JY2/mc/m/n/10 ペ
 []


Overfull \hbox (9.6222pt too wide) in paragraph at lines 11--12
\JY2/mc/m/n/10 ア
 []


Overfull \hbox (9.6222pt too wide) in paragraph at lines 11--12
\JY2/mc/m/n/10 リ
 []


Overfull \hbox (9.6222pt too wide) in paragraph at lines 11--12
\JY2/mc/m/n/10 ン
 []


Overfull \hbox (9.6222pt too wide) in paragraph at lines 11--12
\JY2/mc/m/n/10 グ
 []


Overfull \hbox (9.6222pt too wide) in paragraph at lines 11--12
\JY2/mc/m/n/10 暗
 []


Overfull \hbox (9.6222pt too wide) in paragraph at lines 11--12
\JY2/mc/m/n/10 号 
 []


Overfull \hbox (34.30562pt too wide) in paragraph at lines 12--13
\OT1/cmr/m/n/10 Double-
 []


Overfull \hbox (20.47226pt too wide) in paragraph at lines 12--13
\OT1/cmr/m/n/10 Base
 []


Overfull \hbox (30.05562pt too wide) in paragraph at lines 12--13
\OT1/cmr/m/n/10 Chains 
 []


Overfull \hbox (19.72224pt too wide) in paragraph at lines 13--14
\OT1/cmr/m/n/10 Tate
 []


Overfull \hbox (9.6222pt too wide) in paragraph at lines 13--14
\JY2/mc/m/n/10 ペ
 []


Overfull \hbox (9.6222pt too wide) in paragraph at lines 13--14
\JY2/mc/m/n/10 ア
 []


Overfull \hbox (9.6222pt too wide) in paragraph at lines 13--14
\JY2/mc/m/n/10 リ
 []


Overfull \hbox (9.6222pt too wide) in paragraph at lines 13--14
\JY2/mc/m/n/10 ン
 []


Overfull \hbox (9.6222pt too wide) in paragraph at lines 13--14
\JY2/mc/m/n/10 グ 
 []


Overfull \hbox (25.86116pt too wide) in paragraph at lines 14--15
\OT1/cmr/m/n/10 Miller
 []


Overfull \hbox (13.61113pt too wide) in paragraph at lines 14--15
\OT1/cmr/m/n/10 Al-
 []


Overfull \hbox (13.33336pt too wide) in paragraph at lines 14--15
\OT1/cmr/m/n/10 go-
 []


Overfull \hbox (24.47229pt too wide) in paragraph at lines 14--15
\OT1/cmr/m/n/10 rithm 
 []

)
! Emergency stop.
<*> 00_survey.tex
                 
*** (job aborted, no legal \end found)

 
Here is how much of TeX's memory you used:
 7 strings out of 493215
 79 string characters out of 6144073
 65853 words of memory out of 5000000
 4098 multiletter control sequences out of 15000+600000
 6281 words of font info for 32 fonts, out of 8000000 for 9000
 929 hyphenation exceptions out of 8191
 18i,4n,8p,460b,118s stack positions out of 5000i,500n,10000p,200000b,80000s
Output written on 00_survey.dvi (1 page, 900 bytes).
